CRITICAL - 2023-07-02 18:11:23 --> Call to a member function findAll() on null
in APPPATH\Controllers\RestMovie.php on line 12.
 1 SYSTEMPATH\CodeIgniter.php(932): App\Controllers\RestMovie->index()
 2 SYSTEMPATH\CodeIgniter.php(497): CodeIgniter\CodeIgniter->runController(Object(App\Controllers\RestMovie))
 3 SYSTEMPATH\CodeIgniter.php(366): CodeIgniter\CodeIgniter->handleRequest(null, Object(Config\Cache), false)
 4 FCPATH\index.php(67): CodeIgniter\CodeIgniter->run()
CRITICAL - 2023-07-02 18:12:56 --> Call to a member function findAll() on null
in APPPATH\Controllers\RestMovie.php on line 12.
 1 SYSTEMPATH\CodeIgniter.php(932): App\Controllers\RestMovie->index()
 2 SYSTEMPATH\CodeIgniter.php(497): CodeIgniter\CodeIgniter->runController(Object(App\Controllers\RestMovie))
 3 SYSTEMPATH\CodeIgniter.php(366): CodeIgniter\CodeIgniter->handleRequest(null, Object(Config\Cache), false)
 4 FCPATH\index.php(67): CodeIgniter\CodeIgniter->run()
CRITICAL - 2023-07-02 18:16:29 --> Call to a member function findAll() on null
in APPPATH\Controllers\RestMovie.php on line 12.
 1 SYSTEMPATH\CodeIgniter.php(932): App\Controllers\RestMovie->index()
 2 SYSTEMPATH\CodeIgniter.php(497): CodeIgniter\CodeIgniter->runController(Object(App\Controllers\RestMovie))
 3 SYSTEMPATH\CodeIgniter.php(366): CodeIgniter\CodeIgniter->handleRequest(null, Object(Config\Cache), false)
 4 FCPATH\index.php(67): CodeIgniter\CodeIgniter->run()
CRITICAL - 2023-07-02 18:16:30 --> Call to a member function findAll() on null
in APPPATH\Controllers\RestMovie.php on line 12.
 1 SYSTEMPATH\CodeIgniter.php(932): App\Controllers\RestMovie->index()
 2 SYSTEMPATH\CodeIgniter.php(497): CodeIgniter\CodeIgniter->runController(Object(App\Controllers\RestMovie))
 3 SYSTEMPATH\CodeIgniter.php(366): CodeIgniter\CodeIgniter->handleRequest(null, Object(Config\Cache), false)
 4 FCPATH\index.php(67): CodeIgniter\CodeIgniter->run()
CRITICAL - 2023-07-02 18:16:31 --> Call to a member function findAll() on null
in APPPATH\Controllers\RestMovie.php on line 12.
 1 SYSTEMPATH\CodeIgniter.php(932): App\Controllers\RestMovie->index()
 2 SYSTEMPATH\CodeIgniter.php(497): CodeIgniter\CodeIgniter->runController(Object(App\Controllers\RestMovie))
 3 SYSTEMPATH\CodeIgniter.php(366): CodeIgniter\CodeIgniter->handleRequest(null, Object(Config\Cache), false)
 4 FCPATH\index.php(67): CodeIgniter\CodeIgniter->run()
CRITICAL - 2023-07-02 18:16:31 --> Call to a member function findAll() on null
in APPPATH\Controllers\RestMovie.php on line 12.
 1 SYSTEMPATH\CodeIgniter.php(932): App\Controllers\RestMovie->index()
 2 SYSTEMPATH\CodeIgniter.php(497): CodeIgniter\CodeIgniter->runController(Object(App\Controllers\RestMovie))
 3 SYSTEMPATH\CodeIgniter.php(366): CodeIgniter\CodeIgniter->handleRequest(null, Object(Config\Cache), false)
 4 FCPATH\index.php(67): CodeIgniter\CodeIgniter->run()
CRITICAL - 2023-07-02 19:09:40 --> Call to a member function findAll() on null
in APPPATH\Controllers\API\Category.php on line 12.
 1 SYSTEMPATH\CodeIgniter.php(932): App\Controllers\API\Category->index()
 2 SYSTEMPATH\CodeIgniter.php(497): CodeIgniter\CodeIgniter->runController(Object(App\Controllers\API\Category))
 3 SYSTEMPATH\CodeIgniter.php(366): CodeIgniter\CodeIgniter->handleRequest(null, Object(Config\Cache), false)
 4 FCPATH\index.php(67): CodeIgniter\CodeIgniter->run()
 5 SYSTEMPATH\Commands\Server\rewrite.php(47): require_once('C:\\ci4\\public\\index.php')
CRITICAL - 2023-07-02 19:09:53 --> Call to a member function findAll() on null
in APPPATH\Controllers\API\Category.php on line 12.
 1 SYSTEMPATH\CodeIgniter.php(932): App\Controllers\API\Category->index()
 2 SYSTEMPATH\CodeIgniter.php(497): CodeIgniter\CodeIgniter->runController(Object(App\Controllers\API\Category))
 3 SYSTEMPATH\CodeIgniter.php(366): CodeIgniter\CodeIgniter->handleRequest(null, Object(Config\Cache), false)
 4 FCPATH\index.php(67): CodeIgniter\CodeIgniter->run()
 5 SYSTEMPATH\Commands\Server\rewrite.php(47): require_once('C:\\ci4\\public\\index.php')
CRITICAL - 2023-07-02 19:40:18 --> Call to a member function getJSON() on null
in APPPATH\Controllers\API\Category.php on line 23.
 1 SYSTEMPATH\CodeIgniter.php(932): App\Controllers\API\Category->create()
 2 SYSTEMPATH\CodeIgniter.php(497): CodeIgniter\CodeIgniter->runController(Object(App\Controllers\API\Category))
 3 SYSTEMPATH\CodeIgniter.php(366): CodeIgniter\CodeIgniter->handleRequest(null, Object(Config\Cache), false)
 4 FCPATH\index.php(67): CodeIgniter\CodeIgniter->run()
 5 SYSTEMPATH\Commands\Server\rewrite.php(47): require_once('C:\\ci4\\public\\index.php')
CRITICAL - 2023-07-02 19:41:21 --> Call to a member function getJSON() on null
in APPPATH\Controllers\API\Category.php on line 23.
 1 SYSTEMPATH\CodeIgniter.php(932): App\Controllers\API\Category->create()
 2 SYSTEMPATH\CodeIgniter.php(497): CodeIgniter\CodeIgniter->runController(Object(App\Controllers\API\Category))
 3 SYSTEMPATH\CodeIgniter.php(366): CodeIgniter\CodeIgniter->handleRequest(null, Object(Config\Cache), false)
 4 FCPATH\index.php(67): CodeIgniter\CodeIgniter->run()
 5 SYSTEMPATH\Commands\Server\rewrite.php(47): require_once('C:\\ci4\\public\\index.php')
CRITICAL - 2023-07-02 19:41:29 --> Call to a member function getJSON() on null
in APPPATH\Controllers\API\Category.php on line 23.
 1 SYSTEMPATH\CodeIgniter.php(932): App\Controllers\API\Category->create()
 2 SYSTEMPATH\CodeIgniter.php(497): CodeIgniter\CodeIgniter->runController(Object(App\Controllers\API\Category))
 3 SYSTEMPATH\CodeIgniter.php(366): CodeIgniter\CodeIgniter->handleRequest(null, Object(Config\Cache), false)
 4 FCPATH\index.php(67): CodeIgniter\CodeIgniter->run()
 5 SYSTEMPATH\Commands\Server\rewrite.php(47): require_once('C:\\ci4\\public\\index.php')
CRITICAL - 2023-07-02 19:43:01 --> Call to a member function getJSON() on null
in APPPATH\Controllers\API\Category.php on line 23.
 1 SYSTEMPATH\CodeIgniter.php(932): App\Controllers\API\Category->create()
 2 SYSTEMPATH\CodeIgniter.php(497): CodeIgniter\CodeIgniter->runController(Object(App\Controllers\API\Category))
 3 SYSTEMPATH\CodeIgniter.php(366): CodeIgniter\CodeIgniter->handleRequest(null, Object(Config\Cache), false)
 4 FCPATH\index.php(67): CodeIgniter\CodeIgniter->run()
 5 SYSTEMPATH\Commands\Server\rewrite.php(47): require_once('C:\\ci4\\public\\index.php')
CRITICAL - 2023-07-02 19:43:02 --> Call to a member function getJSON() on null
in APPPATH\Controllers\API\Category.php on line 23.
 1 SYSTEMPATH\CodeIgniter.php(932): App\Controllers\API\Category->create()
 2 SYSTEMPATH\CodeIgniter.php(497): CodeIgniter\CodeIgniter->runController(Object(App\Controllers\API\Category))
 3 SYSTEMPATH\CodeIgniter.php(366): CodeIgniter\CodeIgniter->handleRequest(null, Object(Config\Cache), false)
 4 FCPATH\index.php(67): CodeIgniter\CodeIgniter->run()
 5 SYSTEMPATH\Commands\Server\rewrite.php(47): require_once('C:\\ci4\\public\\index.php')
CRITICAL - 2023-07-02 19:43:04 --> Call to a member function getJSON() on null
in APPPATH\Controllers\API\Category.php on line 23.
 1 SYSTEMPATH\CodeIgniter.php(932): App\Controllers\API\Category->create()
 2 SYSTEMPATH\CodeIgniter.php(497): CodeIgniter\CodeIgniter->runController(Object(App\Controllers\API\Category))
 3 SYSTEMPATH\CodeIgniter.php(366): CodeIgniter\CodeIgniter->handleRequest(null, Object(Config\Cache), false)
 4 FCPATH\index.php(67): CodeIgniter\CodeIgniter->run()
 5 SYSTEMPATH\Commands\Server\rewrite.php(47): require_once('C:\\ci4\\public\\index.php')
CRITICAL - 2023-07-02 20:04:52 --> Object of class stdClass could not be converted to string
in APPPATH\Controllers\API\Category.php on line 25.
 1 SYSTEMPATH\CodeIgniter.php(932): App\Controllers\API\Category->create()
 2 SYSTEMPATH\CodeIgniter.php(497): CodeIgniter\CodeIgniter->runController(Object(App\Controllers\API\Category))
 3 SYSTEMPATH\CodeIgniter.php(366): CodeIgniter\CodeIgniter->handleRequest(null, Object(Config\Cache), false)
 4 FCPATH\index.php(67): CodeIgniter\CodeIgniter->run()
 5 SYSTEMPATH\Commands\Server\rewrite.php(47): require_once('C:\\ci4\\public\\index.php')
CRITICAL - 2023-07-02 20:04:55 --> Object of class stdClass could not be converted to string
in APPPATH\Controllers\API\Category.php on line 25.
 1 SYSTEMPATH\CodeIgniter.php(932): App\Controllers\API\Category->create()
 2 SYSTEMPATH\CodeIgniter.php(497): CodeIgniter\CodeIgniter->runController(Object(App\Controllers\API\Category))
 3 SYSTEMPATH\CodeIgniter.php(366): CodeIgniter\CodeIgniter->handleRequest(null, Object(Config\Cache), false)
 4 FCPATH\index.php(67): CodeIgniter\CodeIgniter->run()
 5 SYSTEMPATH\Commands\Server\rewrite.php(47): require_once('C:\\ci4\\public\\index.php')
CRITICAL - 2023-07-02 20:04:56 --> Object of class stdClass could not be converted to string
in APPPATH\Controllers\API\Category.php on line 25.
 1 SYSTEMPATH\CodeIgniter.php(932): App\Controllers\API\Category->create()
 2 SYSTEMPATH\CodeIgniter.php(497): CodeIgniter\CodeIgniter->runController(Object(App\Controllers\API\Category))
 3 SYSTEMPATH\CodeIgniter.php(366): CodeIgniter\CodeIgniter->handleRequest(null, Object(Config\Cache), false)
 4 FCPATH\index.php(67): CodeIgniter\CodeIgniter->run()
 5 SYSTEMPATH\Commands\Server\rewrite.php(47): require_once('C:\\ci4\\public\\index.php')
CRITICAL - 2023-07-02 20:04:57 --> Object of class stdClass could not be converted to string
in APPPATH\Controllers\API\Category.php on line 25.
 1 SYSTEMPATH\CodeIgniter.php(932): App\Controllers\API\Category->create()
 2 SYSTEMPATH\CodeIgniter.php(497): CodeIgniter\CodeIgniter->runController(Object(App\Controllers\API\Category))
 3 SYSTEMPATH\CodeIgniter.php(366): CodeIgniter\CodeIgniter->handleRequest(null, Object(Config\Cache), false)
 4 FCPATH\index.php(67): CodeIgniter\CodeIgniter->run()
 5 SYSTEMPATH\Commands\Server\rewrite.php(47): require_once('C:\\ci4\\public\\index.php')
CRITICAL - 2023-07-02 20:05:24 --> Object of class App\Controllers\API\Category could not be converted to string
in APPPATH\Controllers\API\Category.php on line 23.
 1 SYSTEMPATH\CodeIgniter.php(932): App\Controllers\API\Category->create()
 2 SYSTEMPATH\CodeIgniter.php(497): CodeIgniter\CodeIgniter->runController(Object(App\Controllers\API\Category))
 3 SYSTEMPATH\CodeIgniter.php(366): CodeIgniter\CodeIgniter->handleRequest(null, Object(Config\Cache), false)
 4 FCPATH\index.php(67): CodeIgniter\CodeIgniter->run()
 5 SYSTEMPATH\Commands\Server\rewrite.php(47): require_once('C:\\ci4\\public\\index.php')
CRITICAL - 2023-07-02 20:05:25 --> Object of class App\Controllers\API\Category could not be converted to string
in APPPATH\Controllers\API\Category.php on line 23.
 1 SYSTEMPATH\CodeIgniter.php(932): App\Controllers\API\Category->create()
 2 SYSTEMPATH\CodeIgniter.php(497): CodeIgniter\CodeIgniter->runController(Object(App\Controllers\API\Category))
 3 SYSTEMPATH\CodeIgniter.php(366): CodeIgniter\CodeIgniter->handleRequest(null, Object(Config\Cache), false)
 4 FCPATH\index.php(67): CodeIgniter\CodeIgniter->run()
 5 SYSTEMPATH\Commands\Server\rewrite.php(47): require_once('C:\\ci4\\public\\index.php')
CRITICAL - 2023-07-02 20:05:25 --> Object of class App\Controllers\API\Category could not be converted to string
in APPPATH\Controllers\API\Category.php on line 23.
 1 SYSTEMPATH\CodeIgniter.php(932): App\Controllers\API\Category->create()
 2 SYSTEMPATH\CodeIgniter.php(497): CodeIgniter\CodeIgniter->runController(Object(App\Controllers\API\Category))
 3 SYSTEMPATH\CodeIgniter.php(366): CodeIgniter\CodeIgniter->handleRequest(null, Object(Config\Cache), false)
 4 FCPATH\index.php(67): CodeIgniter\CodeIgniter->run()
 5 SYSTEMPATH\Commands\Server\rewrite.php(47): require_once('C:\\ci4\\public\\index.php')
CRITICAL - 2023-07-02 20:05:26 --> Object of class App\Controllers\API\Category could not be converted to string
in APPPATH\Controllers\API\Category.php on line 23.
 1 SYSTEMPATH\CodeIgniter.php(932): App\Controllers\API\Category->create()
 2 SYSTEMPATH\CodeIgniter.php(497): CodeIgniter\CodeIgniter->runController(Object(App\Controllers\API\Category))
 3 SYSTEMPATH\CodeIgniter.php(366): CodeIgniter\CodeIgniter->handleRequest(null, Object(Config\Cache), false)
 4 FCPATH\index.php(67): CodeIgniter\CodeIgniter->run()
 5 SYSTEMPATH\Commands\Server\rewrite.php(47): require_once('C:\\ci4\\public\\index.php')
CRITICAL - 2023-07-02 20:46:44 --> Declaration of App\Controllers\API\Category::index($id) must be compatible with CodeIgniter\RESTful\ResourceController::index()
in APPPATH\Controllers\API\Category.php on line 15.
 1 [internal function]: CodeIgniter\Debug\Exceptions->shutdownHandler()
CRITICAL - 2023-07-02 20:46:46 --> Declaration of App\Controllers\API\Category::index($id) must be compatible with CodeIgniter\RESTful\ResourceController::index()
in APPPATH\Controllers\API\Category.php on line 15.
 1 [internal function]: CodeIgniter\Debug\Exceptions->shutdownHandler()
ERROR - 2023-07-02 21:19:42 --> mysqli_sql_exception: Cannot delete or update a parent row: a foreign key constraint fails (`rest`.`movies`, CONSTRAINT `movies_ibfk_1` FOREIGN KEY (`category_id`) REFERENCES `category` (`id`)) in C:\ci4\system\Database\MySQLi\Connection.php:295
Stack trace:
#0 C:\ci4\system\Database\MySQLi\Connection.php(295): mysqli->query('DELETE FROM `ca...', 0)
#1 C:\ci4\system\Database\BaseConnection.php(692): CodeIgniter\Database\MySQLi\Connection->execute('DELETE FROM `ca...')
#2 C:\ci4\system\Database\BaseConnection.php(606): CodeIgniter\Database\BaseConnection->simpleQuery('DELETE FROM `ca...')
#3 C:\ci4\system\Database\BaseBuilder.php(2791): CodeIgniter\Database\BaseConnection->query('DELETE FROM `ca...', Array, false)
#4 C:\ci4\system\Model.php(456): CodeIgniter\Database\BaseBuilder->delete()
#5 C:\ci4\system\BaseModel.php(1065): CodeIgniter\Model->doDelete(Array, false)
#6 C:\ci4\app\Controllers\API\Category.php(97): CodeIgniter\BaseModel->delete(Array)
#7 C:\ci4\system\CodeIgniter.php(932): App\Controllers\API\Category->delete('1')
#8 C:\ci4\system\CodeIgniter.php(497): CodeIgniter\CodeIgniter->runController(Object(App\Controllers\API\Category))
#9 C:\ci4\system\CodeIgniter.php(366): CodeIgniter\CodeIgniter->handleRequest(NULL, Object(Config\Cache), false)
#10 C:\ci4\public\index.php(67): CodeIgniter\CodeIgniter->run()
#11 C:\ci4\system\Commands\Server\rewrite.php(47): require_once('C:\\ci4\\public\\i...')
#12 {main}
CRITICAL - 2023-07-02 21:19:42 --> Cannot delete or update a parent row: a foreign key constraint fails (`rest`.`movies`, CONSTRAINT `movies_ibfk_1` FOREIGN KEY (`category_id`) REFERENCES `category` (`id`))
in SYSTEMPATH\Database\MySQLi\Connection.php on line 295.
 1 SYSTEMPATH\Database\MySQLi\Connection.php(295): mysqli->query('DELETE FROM `category`
WHERE `id` IN (\'1\')', 0)
 2 SYSTEMPATH\Database\BaseConnection.php(692): CodeIgniter\Database\MySQLi\Connection->execute('DELETE FROM `category`
WHERE `id` IN (\'1\')')
 3 SYSTEMPATH\Database\BaseConnection.php(606): CodeIgniter\Database\BaseConnection->simpleQuery('DELETE FROM `category`
WHERE `id` IN (\'1\')')
 4 SYSTEMPATH\Database\BaseBuilder.php(2791): CodeIgniter\Database\BaseConnection->query('DELETE FROM `category`
WHERE `id` IN :id:', [...], false)
 5 SYSTEMPATH\Model.php(456): CodeIgniter\Database\BaseBuilder->delete()
 6 SYSTEMPATH\BaseModel.php(1065): CodeIgniter\Model->doDelete([...], false)
 7 APPPATH\Controllers\API\Category.php(97): CodeIgniter\BaseModel->delete([...])
 8 SYSTEMPATH\CodeIgniter.php(932): App\Controllers\API\Category->delete('1')
 9 SYSTEMPATH\CodeIgniter.php(497): CodeIgniter\CodeIgniter->runController(Object(App\Controllers\API\Category))
10 SYSTEMPATH\CodeIgniter.php(366): CodeIgniter\CodeIgniter->handleRequest(null, Object(Config\Cache), false)
11 FCPATH\index.php(67): CodeIgniter\CodeIgniter->run()
12 SYSTEMPATH\Commands\Server\rewrite.php(47): require_once('C:\\ci4\\public\\index.php')
ERROR - 2023-07-02 21:21:19 --> mysqli_sql_exception: Cannot delete or update a parent row: a foreign key constraint fails (`rest`.`movies`, CONSTRAINT `movies_ibfk_1` FOREIGN KEY (`category_id`) REFERENCES `category` (`id`)) in C:\ci4\system\Database\MySQLi\Connection.php:295
Stack trace:
#0 C:\ci4\system\Database\MySQLi\Connection.php(295): mysqli->query('DELETE FROM `ca...', 0)
#1 C:\ci4\system\Database\BaseConnection.php(692): CodeIgniter\Database\MySQLi\Connection->execute('DELETE FROM `ca...')
#2 C:\ci4\system\Database\BaseConnection.php(606): CodeIgniter\Database\BaseConnection->simpleQuery('DELETE FROM `ca...')
#3 C:\ci4\system\Database\BaseBuilder.php(2791): CodeIgniter\Database\BaseConnection->query('DELETE FROM `ca...', Array, false)
#4 C:\ci4\system\Model.php(456): CodeIgniter\Database\BaseBuilder->delete()
#5 C:\ci4\system\BaseModel.php(1065): CodeIgniter\Model->doDelete(Array, false)
#6 C:\ci4\app\Controllers\API\Category.php(97): CodeIgniter\BaseModel->delete(Array)
#7 C:\ci4\system\CodeIgniter.php(932): App\Controllers\API\Category->delete('1')
#8 C:\ci4\system\CodeIgniter.php(497): CodeIgniter\CodeIgniter->runController(Object(App\Controllers\API\Category))
#9 C:\ci4\system\CodeIgniter.php(366): CodeIgniter\CodeIgniter->handleRequest(NULL, Object(Config\Cache), false)
#10 C:\ci4\public\index.php(67): CodeIgniter\CodeIgniter->run()
#11 C:\ci4\system\Commands\Server\rewrite.php(47): require_once('C:\\ci4\\public\\i...')
#12 {main}
CRITICAL - 2023-07-02 21:21:19 --> Cannot delete or update a parent row: a foreign key constraint fails (`rest`.`movies`, CONSTRAINT `movies_ibfk_1` FOREIGN KEY (`category_id`) REFERENCES `category` (`id`))
in SYSTEMPATH\Database\MySQLi\Connection.php on line 295.
 1 SYSTEMPATH\Database\MySQLi\Connection.php(295): mysqli->query('DELETE FROM `category`
WHERE `id` IN (\'1\')', 0)
 2 SYSTEMPATH\Database\BaseConnection.php(692): CodeIgniter\Database\MySQLi\Connection->execute('DELETE FROM `category`
WHERE `id` IN (\'1\')')
 3 SYSTEMPATH\Database\BaseConnection.php(606): CodeIgniter\Database\BaseConnection->simpleQuery('DELETE FROM `category`
WHERE `id` IN (\'1\')')
 4 SYSTEMPATH\Database\BaseBuilder.php(2791): CodeIgniter\Database\BaseConnection->query('DELETE FROM `category`
WHERE `id` IN :id:', [...], false)
 5 SYSTEMPATH\Model.php(456): CodeIgniter\Database\BaseBuilder->delete()
 6 SYSTEMPATH\BaseModel.php(1065): CodeIgniter\Model->doDelete([...], false)
 7 APPPATH\Controllers\API\Category.php(97): CodeIgniter\BaseModel->delete([...])
 8 SYSTEMPATH\CodeIgniter.php(932): App\Controllers\API\Category->delete('1')
 9 SYSTEMPATH\CodeIgniter.php(497): CodeIgniter\CodeIgniter->runController(Object(App\Controllers\API\Category))
10 SYSTEMPATH\CodeIgniter.php(366): CodeIgniter\CodeIgniter->handleRequest(null, Object(Config\Cache), false)
11 FCPATH\index.php(67): CodeIgniter\CodeIgniter->run()
12 SYSTEMPATH\Commands\Server\rewrite.php(47): require_once('C:\\ci4\\public\\index.php')
ERROR - 2023-07-02 21:21:25 --> mysqli_sql_exception: Cannot delete or update a parent row: a foreign key constraint fails (`rest`.`movies`, CONSTRAINT `movies_ibfk_1` FOREIGN KEY (`category_id`) REFERENCES `category` (`id`)) in C:\ci4\system\Database\MySQLi\Connection.php:295
Stack trace:
#0 C:\ci4\system\Database\MySQLi\Connection.php(295): mysqli->query('DELETE FROM `ca...', 0)
#1 C:\ci4\system\Database\BaseConnection.php(692): CodeIgniter\Database\MySQLi\Connection->execute('DELETE FROM `ca...')
#2 C:\ci4\system\Database\BaseConnection.php(606): CodeIgniter\Database\BaseConnection->simpleQuery('DELETE FROM `ca...')
#3 C:\ci4\system\Database\BaseBuilder.php(2791): CodeIgniter\Database\BaseConnection->query('DELETE FROM `ca...', Array, false)
#4 C:\ci4\system\Model.php(456): CodeIgniter\Database\BaseBuilder->delete()
#5 C:\ci4\system\BaseModel.php(1065): CodeIgniter\Model->doDelete(Array, false)
#6 C:\ci4\app\Controllers\API\Category.php(97): CodeIgniter\BaseModel->delete(Array)
#7 C:\ci4\system\CodeIgniter.php(932): App\Controllers\API\Category->delete('2')
#8 C:\ci4\system\CodeIgniter.php(497): CodeIgniter\CodeIgniter->runController(Object(App\Controllers\API\Category))
#9 C:\ci4\system\CodeIgniter.php(366): CodeIgniter\CodeIgniter->handleRequest(NULL, Object(Config\Cache), false)
#10 C:\ci4\public\index.php(67): CodeIgniter\CodeIgniter->run()
#11 C:\ci4\system\Commands\Server\rewrite.php(47): require_once('C:\\ci4\\public\\i...')
#12 {main}
CRITICAL - 2023-07-02 21:21:25 --> Cannot delete or update a parent row: a foreign key constraint fails (`rest`.`movies`, CONSTRAINT `movies_ibfk_1` FOREIGN KEY (`category_id`) REFERENCES `category` (`id`))
in SYSTEMPATH\Database\MySQLi\Connection.php on line 295.
 1 SYSTEMPATH\Database\MySQLi\Connection.php(295): mysqli->query('DELETE FROM `category`
WHERE `id` IN (\'2\')', 0)
 2 SYSTEMPATH\Database\BaseConnection.php(692): CodeIgniter\Database\MySQLi\Connection->execute('DELETE FROM `category`
WHERE `id` IN (\'2\')')
 3 SYSTEMPATH\Database\BaseConnection.php(606): CodeIgniter\Database\BaseConnection->simpleQuery('DELETE FROM `category`
WHERE `id` IN (\'2\')')
 4 SYSTEMPATH\Database\BaseBuilder.php(2791): CodeIgniter\Database\BaseConnection->query('DELETE FROM `category`
WHERE `id` IN :id:', [...], false)
 5 SYSTEMPATH\Model.php(456): CodeIgniter\Database\BaseBuilder->delete()
 6 SYSTEMPATH\BaseModel.php(1065): CodeIgniter\Model->doDelete([...], false)
 7 APPPATH\Controllers\API\Category.php(97): CodeIgniter\BaseModel->delete([...])
 8 SYSTEMPATH\CodeIgniter.php(932): App\Controllers\API\Category->delete('2')
 9 SYSTEMPATH\CodeIgniter.php(497): CodeIgniter\CodeIgniter->runController(Object(App\Controllers\API\Category))
10 SYSTEMPATH\CodeIgniter.php(366): CodeIgniter\CodeIgniter->handleRequest(null, Object(Config\Cache), false)
11 FCPATH\index.php(67): CodeIgniter\CodeIgniter->run()
12 SYSTEMPATH\Commands\Server\rewrite.php(47): require_once('C:\\ci4\\public\\index.php')
ERROR - 2023-07-02 21:25:13 --> mysqli_sql_exception: Cannot delete or update a parent row: a foreign key constraint fails (`rest`.`movies`, CONSTRAINT `movies_ibfk_1` FOREIGN KEY (`category_id`) REFERENCES `category` (`id`)) in C:\ci4\system\Database\MySQLi\Connection.php:295
Stack trace:
#0 C:\ci4\system\Database\MySQLi\Connection.php(295): mysqli->query('DELETE FROM `ca...', 0)
#1 C:\ci4\system\Database\BaseConnection.php(692): CodeIgniter\Database\MySQLi\Connection->execute('DELETE FROM `ca...')
#2 C:\ci4\system\Database\BaseConnection.php(606): CodeIgniter\Database\BaseConnection->simpleQuery('DELETE FROM `ca...')
#3 C:\ci4\system\Database\BaseBuilder.php(2791): CodeIgniter\Database\BaseConnection->query('DELETE FROM `ca...', Array, false)
#4 C:\ci4\system\Model.php(456): CodeIgniter\Database\BaseBuilder->delete()
#5 C:\ci4\system\BaseModel.php(1065): CodeIgniter\Model->doDelete(Array, false)
#6 C:\ci4\app\Controllers\API\Category.php(97): CodeIgniter\BaseModel->delete(Array)
#7 C:\ci4\system\CodeIgniter.php(932): App\Controllers\API\Category->delete('2')
#8 C:\ci4\system\CodeIgniter.php(497): CodeIgniter\CodeIgniter->runController(Object(App\Controllers\API\Category))
#9 C:\ci4\system\CodeIgniter.php(366): CodeIgniter\CodeIgniter->handleRequest(NULL, Object(Config\Cache), false)
#10 C:\ci4\public\index.php(67): CodeIgniter\CodeIgniter->run()
#11 C:\ci4\system\Commands\Server\rewrite.php(47): require_once('C:\\ci4\\public\\i...')
#12 {main}
CRITICAL - 2023-07-02 21:25:13 --> Cannot delete or update a parent row: a foreign key constraint fails (`rest`.`movies`, CONSTRAINT `movies_ibfk_1` FOREIGN KEY (`category_id`) REFERENCES `category` (`id`))
in SYSTEMPATH\Database\MySQLi\Connection.php on line 295.
 1 SYSTEMPATH\Database\MySQLi\Connection.php(295): mysqli->query('DELETE FROM `category`
WHERE `id` IN (\'2\')', 0)
 2 SYSTEMPATH\Database\BaseConnection.php(692): CodeIgniter\Database\MySQLi\Connection->execute('DELETE FROM `category`
WHERE `id` IN (\'2\')')
 3 SYSTEMPATH\Database\BaseConnection.php(606): CodeIgniter\Database\BaseConnection->simpleQuery('DELETE FROM `category`
WHERE `id` IN (\'2\')')
 4 SYSTEMPATH\Database\BaseBuilder.php(2791): CodeIgniter\Database\BaseConnection->query('DELETE FROM `category`
WHERE `id` IN :id:', [...], false)
 5 SYSTEMPATH\Model.php(456): CodeIgniter\Database\BaseBuilder->delete()
 6 SYSTEMPATH\BaseModel.php(1065): CodeIgniter\Model->doDelete([...], false)
 7 APPPATH\Controllers\API\Category.php(97): CodeIgniter\BaseModel->delete([...])
 8 SYSTEMPATH\CodeIgniter.php(932): App\Controllers\API\Category->delete('2')
 9 SYSTEMPATH\CodeIgniter.php(497): CodeIgniter\CodeIgniter->runController(Object(App\Controllers\API\Category))
10 SYSTEMPATH\CodeIgniter.php(366): CodeIgniter\CodeIgniter->handleRequest(null, Object(Config\Cache), false)
11 FCPATH\index.php(67): CodeIgniter\CodeIgniter->run()
12 SYSTEMPATH\Commands\Server\rewrite.php(47): require_once('C:\\ci4\\public\\index.php')
ERROR - 2023-07-02 21:25:14 --> mysqli_sql_exception: Cannot delete or update a parent row: a foreign key constraint fails (`rest`.`movies`, CONSTRAINT `movies_ibfk_1` FOREIGN KEY (`category_id`) REFERENCES `category` (`id`)) in C:\ci4\system\Database\MySQLi\Connection.php:295
Stack trace:
#0 C:\ci4\system\Database\MySQLi\Connection.php(295): mysqli->query('DELETE FROM `ca...', 0)
#1 C:\ci4\system\Database\BaseConnection.php(692): CodeIgniter\Database\MySQLi\Connection->execute('DELETE FROM `ca...')
#2 C:\ci4\system\Database\BaseConnection.php(606): CodeIgniter\Database\BaseConnection->simpleQuery('DELETE FROM `ca...')
#3 C:\ci4\system\Database\BaseBuilder.php(2791): CodeIgniter\Database\BaseConnection->query('DELETE FROM `ca...', Array, false)
#4 C:\ci4\system\Model.php(456): CodeIgniter\Database\BaseBuilder->delete()
#5 C:\ci4\system\BaseModel.php(1065): CodeIgniter\Model->doDelete(Array, false)
#6 C:\ci4\app\Controllers\API\Category.php(97): CodeIgniter\BaseModel->delete(Array)
#7 C:\ci4\system\CodeIgniter.php(932): App\Controllers\API\Category->delete('2')
#8 C:\ci4\system\CodeIgniter.php(497): CodeIgniter\CodeIgniter->runController(Object(App\Controllers\API\Category))
#9 C:\ci4\system\CodeIgniter.php(366): CodeIgniter\CodeIgniter->handleRequest(NULL, Object(Config\Cache), false)
#10 C:\ci4\public\index.php(67): CodeIgniter\CodeIgniter->run()
#11 C:\ci4\system\Commands\Server\rewrite.php(47): require_once('C:\\ci4\\public\\i...')
#12 {main}
CRITICAL - 2023-07-02 21:25:14 --> Cannot delete or update a parent row: a foreign key constraint fails (`rest`.`movies`, CONSTRAINT `movies_ibfk_1` FOREIGN KEY (`category_id`) REFERENCES `category` (`id`))
in SYSTEMPATH\Database\MySQLi\Connection.php on line 295.
 1 SYSTEMPATH\Database\MySQLi\Connection.php(295): mysqli->query('DELETE FROM `category`
WHERE `id` IN (\'2\')', 0)
 2 SYSTEMPATH\Database\BaseConnection.php(692): CodeIgniter\Database\MySQLi\Connection->execute('DELETE FROM `category`
WHERE `id` IN (\'2\')')
 3 SYSTEMPATH\Database\BaseConnection.php(606): CodeIgniter\Database\BaseConnection->simpleQuery('DELETE FROM `category`
WHERE `id` IN (\'2\')')
 4 SYSTEMPATH\Database\BaseBuilder.php(2791): CodeIgniter\Database\BaseConnection->query('DELETE FROM `category`
WHERE `id` IN :id:', [...], false)
 5 SYSTEMPATH\Model.php(456): CodeIgniter\Database\BaseBuilder->delete()
 6 SYSTEMPATH\BaseModel.php(1065): CodeIgniter\Model->doDelete([...], false)
 7 APPPATH\Controllers\API\Category.php(97): CodeIgniter\BaseModel->delete([...])
 8 SYSTEMPATH\CodeIgniter.php(932): App\Controllers\API\Category->delete('2')
 9 SYSTEMPATH\CodeIgniter.php(497): CodeIgniter\CodeIgniter->runController(Object(App\Controllers\API\Category))
10 SYSTEMPATH\CodeIgniter.php(366): CodeIgniter\CodeIgniter->handleRequest(null, Object(Config\Cache), false)
11 FCPATH\index.php(67): CodeIgniter\CodeIgniter->run()
12 SYSTEMPATH\Commands\Server\rewrite.php(47): require_once('C:\\ci4\\public\\index.php')
ERROR - 2023-07-02 21:25:23 --> mysqli_sql_exception: Cannot delete or update a parent row: a foreign key constraint fails (`rest`.`movies`, CONSTRAINT `movies_ibfk_1` FOREIGN KEY (`category_id`) REFERENCES `category` (`id`)) in C:\ci4\system\Database\MySQLi\Connection.php:295
Stack trace:
#0 C:\ci4\system\Database\MySQLi\Connection.php(295): mysqli->query('DELETE FROM `ca...', 0)
#1 C:\ci4\system\Database\BaseConnection.php(692): CodeIgniter\Database\MySQLi\Connection->execute('DELETE FROM `ca...')
#2 C:\ci4\system\Database\BaseConnection.php(606): CodeIgniter\Database\BaseConnection->simpleQuery('DELETE FROM `ca...')
#3 C:\ci4\system\Database\BaseBuilder.php(2791): CodeIgniter\Database\BaseConnection->query('DELETE FROM `ca...', Array, false)
#4 C:\ci4\system\Model.php(456): CodeIgniter\Database\BaseBuilder->delete()
#5 C:\ci4\system\BaseModel.php(1065): CodeIgniter\Model->doDelete(Array, false)
#6 C:\ci4\app\Controllers\API\Category.php(97): CodeIgniter\BaseModel->delete(Array)
#7 C:\ci4\system\CodeIgniter.php(932): App\Controllers\API\Category->delete('2')
#8 C:\ci4\system\CodeIgniter.php(497): CodeIgniter\CodeIgniter->runController(Object(App\Controllers\API\Category))
#9 C:\ci4\system\CodeIgniter.php(366): CodeIgniter\CodeIgniter->handleRequest(NULL, Object(Config\Cache), false)
#10 C:\ci4\public\index.php(67): CodeIgniter\CodeIgniter->run()
#11 C:\ci4\system\Commands\Server\rewrite.php(47): require_once('C:\\ci4\\public\\i...')
#12 {main}
CRITICAL - 2023-07-02 21:25:23 --> Cannot delete or update a parent row: a foreign key constraint fails (`rest`.`movies`, CONSTRAINT `movies_ibfk_1` FOREIGN KEY (`category_id`) REFERENCES `category` (`id`))
in SYSTEMPATH\Database\MySQLi\Connection.php on line 295.
 1 SYSTEMPATH\Database\MySQLi\Connection.php(295): mysqli->query('DELETE FROM `category`
WHERE `id` IN (\'2\')', 0)
 2 SYSTEMPATH\Database\BaseConnection.php(692): CodeIgniter\Database\MySQLi\Connection->execute('DELETE FROM `category`
WHERE `id` IN (\'2\')')
 3 SYSTEMPATH\Database\BaseConnection.php(606): CodeIgniter\Database\BaseConnection->simpleQuery('DELETE FROM `category`
WHERE `id` IN (\'2\')')
 4 SYSTEMPATH\Database\BaseBuilder.php(2791): CodeIgniter\Database\BaseConnection->query('DELETE FROM `category`
WHERE `id` IN :id:', [...], false)
 5 SYSTEMPATH\Model.php(456): CodeIgniter\Database\BaseBuilder->delete()
 6 SYSTEMPATH\BaseModel.php(1065): CodeIgniter\Model->doDelete([...], false)
 7 APPPATH\Controllers\API\Category.php(97): CodeIgniter\BaseModel->delete([...])
 8 SYSTEMPATH\CodeIgniter.php(932): App\Controllers\API\Category->delete('2')
 9 SYSTEMPATH\CodeIgniter.php(497): CodeIgniter\CodeIgniter->runController(Object(App\Controllers\API\Category))
10 SYSTEMPATH\CodeIgniter.php(366): CodeIgniter\CodeIgniter->handleRequest(null, Object(Config\Cache), false)
11 FCPATH\index.php(67): CodeIgniter\CodeIgniter->run()
12 SYSTEMPATH\Commands\Server\rewrite.php(47): require_once('C:\\ci4\\public\\index.php')
ERROR - 2023-07-02 21:25:26 --> mysqli_sql_exception: Cannot delete or update a parent row: a foreign key constraint fails (`rest`.`movies`, CONSTRAINT `movies_ibfk_1` FOREIGN KEY (`category_id`) REFERENCES `category` (`id`)) in C:\ci4\system\Database\MySQLi\Connection.php:295
Stack trace:
#0 C:\ci4\system\Database\MySQLi\Connection.php(295): mysqli->query('DELETE FROM `ca...', 0)
#1 C:\ci4\system\Database\BaseConnection.php(692): CodeIgniter\Database\MySQLi\Connection->execute('DELETE FROM `ca...')
#2 C:\ci4\system\Database\BaseConnection.php(606): CodeIgniter\Database\BaseConnection->simpleQuery('DELETE FROM `ca...')
#3 C:\ci4\system\Database\BaseBuilder.php(2791): CodeIgniter\Database\BaseConnection->query('DELETE FROM `ca...', Array, false)
#4 C:\ci4\system\Model.php(456): CodeIgniter\Database\BaseBuilder->delete()
#5 C:\ci4\system\BaseModel.php(1065): CodeIgniter\Model->doDelete(Array, false)
#6 C:\ci4\app\Controllers\API\Category.php(97): CodeIgniter\BaseModel->delete(Array)
#7 C:\ci4\system\CodeIgniter.php(932): App\Controllers\API\Category->delete('2')
#8 C:\ci4\system\CodeIgniter.php(497): CodeIgniter\CodeIgniter->runController(Object(App\Controllers\API\Category))
#9 C:\ci4\system\CodeIgniter.php(366): CodeIgniter\CodeIgniter->handleRequest(NULL, Object(Config\Cache), false)
#10 C:\ci4\public\index.php(67): CodeIgniter\CodeIgniter->run()
#11 C:\ci4\system\Commands\Server\rewrite.php(47): require_once('C:\\ci4\\public\\i...')
#12 {main}
CRITICAL - 2023-07-02 21:25:26 --> Cannot delete or update a parent row: a foreign key constraint fails (`rest`.`movies`, CONSTRAINT `movies_ibfk_1` FOREIGN KEY (`category_id`) REFERENCES `category` (`id`))
in SYSTEMPATH\Database\MySQLi\Connection.php on line 295.
 1 SYSTEMPATH\Database\MySQLi\Connection.php(295): mysqli->query('DELETE FROM `category`
WHERE `id` IN (\'2\')', 0)
 2 SYSTEMPATH\Database\BaseConnection.php(692): CodeIgniter\Database\MySQLi\Connection->execute('DELETE FROM `category`
WHERE `id` IN (\'2\')')
 3 SYSTEMPATH\Database\BaseConnection.php(606): CodeIgniter\Database\BaseConnection->simpleQuery('DELETE FROM `category`
WHERE `id` IN (\'2\')')
 4 SYSTEMPATH\Database\BaseBuilder.php(2791): CodeIgniter\Database\BaseConnection->query('DELETE FROM `category`
WHERE `id` IN :id:', [...], false)
 5 SYSTEMPATH\Model.php(456): CodeIgniter\Database\BaseBuilder->delete()
 6 SYSTEMPATH\BaseModel.php(1065): CodeIgniter\Model->doDelete([...], false)
 7 APPPATH\Controllers\API\Category.php(97): CodeIgniter\BaseModel->delete([...])
 8 SYSTEMPATH\CodeIgniter.php(932): App\Controllers\API\Category->delete('2')
 9 SYSTEMPATH\CodeIgniter.php(497): CodeIgniter\CodeIgniter->runController(Object(App\Controllers\API\Category))
10 SYSTEMPATH\CodeIgniter.php(366): CodeIgniter\CodeIgniter->handleRequest(null, Object(Config\Cache), false)
11 FCPATH\index.php(67): CodeIgniter\CodeIgniter->run()
12 SYSTEMPATH\Commands\Server\rewrite.php(47): require_once('C:\\ci4\\public\\index.php')
ERROR - 2023-07-02 21:25:27 --> mysqli_sql_exception: Cannot delete or update a parent row: a foreign key constraint fails (`rest`.`movies`, CONSTRAINT `movies_ibfk_1` FOREIGN KEY (`category_id`) REFERENCES `category` (`id`)) in C:\ci4\system\Database\MySQLi\Connection.php:295
Stack trace:
#0 C:\ci4\system\Database\MySQLi\Connection.php(295): mysqli->query('DELETE FROM `ca...', 0)
#1 C:\ci4\system\Database\BaseConnection.php(692): CodeIgniter\Database\MySQLi\Connection->execute('DELETE FROM `ca...')
#2 C:\ci4\system\Database\BaseConnection.php(606): CodeIgniter\Database\BaseConnection->simpleQuery('DELETE FROM `ca...')
#3 C:\ci4\system\Database\BaseBuilder.php(2791): CodeIgniter\Database\BaseConnection->query('DELETE FROM `ca...', Array, false)
#4 C:\ci4\system\Model.php(456): CodeIgniter\Database\BaseBuilder->delete()
#5 C:\ci4\system\BaseModel.php(1065): CodeIgniter\Model->doDelete(Array, false)
#6 C:\ci4\app\Controllers\API\Category.php(97): CodeIgniter\BaseModel->delete(Array)
#7 C:\ci4\system\CodeIgniter.php(932): App\Controllers\API\Category->delete('2')
#8 C:\ci4\system\CodeIgniter.php(497): CodeIgniter\CodeIgniter->runController(Object(App\Controllers\API\Category))
#9 C:\ci4\system\CodeIgniter.php(366): CodeIgniter\CodeIgniter->handleRequest(NULL, Object(Config\Cache), false)
#10 C:\ci4\public\index.php(67): CodeIgniter\CodeIgniter->run()
#11 C:\ci4\system\Commands\Server\rewrite.php(47): require_once('C:\\ci4\\public\\i...')
#12 {main}
CRITICAL - 2023-07-02 21:25:27 --> Cannot delete or update a parent row: a foreign key constraint fails (`rest`.`movies`, CONSTRAINT `movies_ibfk_1` FOREIGN KEY (`category_id`) REFERENCES `category` (`id`))
in SYSTEMPATH\Database\MySQLi\Connection.php on line 295.
 1 SYSTEMPATH\Database\MySQLi\Connection.php(295): mysqli->query('DELETE FROM `category`
WHERE `id` IN (\'2\')', 0)
 2 SYSTEMPATH\Database\BaseConnection.php(692): CodeIgniter\Database\MySQLi\Connection->execute('DELETE FROM `category`
WHERE `id` IN (\'2\')')
 3 SYSTEMPATH\Database\BaseConnection.php(606): CodeIgniter\Database\BaseConnection->simpleQuery('DELETE FROM `category`
WHERE `id` IN (\'2\')')
 4 SYSTEMPATH\Database\BaseBuilder.php(2791): CodeIgniter\Database\BaseConnection->query('DELETE FROM `category`
WHERE `id` IN :id:', [...], false)
 5 SYSTEMPATH\Model.php(456): CodeIgniter\Database\BaseBuilder->delete()
 6 SYSTEMPATH\BaseModel.php(1065): CodeIgniter\Model->doDelete([...], false)
 7 APPPATH\Controllers\API\Category.php(97): CodeIgniter\BaseModel->delete([...])
 8 SYSTEMPATH\CodeIgniter.php(932): App\Controllers\API\Category->delete('2')
 9 SYSTEMPATH\CodeIgniter.php(497): CodeIgniter\CodeIgniter->runController(Object(App\Controllers\API\Category))
10 SYSTEMPATH\CodeIgniter.php(366): CodeIgniter\CodeIgniter->handleRequest(null, Object(Config\Cache), false)
11 FCPATH\index.php(67): CodeIgniter\CodeIgniter->run()
12 SYSTEMPATH\Commands\Server\rewrite.php(47): require_once('C:\\ci4\\public\\index.php')
ERROR - 2023-07-02 21:27:15 --> mysqli_sql_exception: Cannot delete or update a parent row: a foreign key constraint fails (`rest`.`movies`, CONSTRAINT `movies_ibfk_1` FOREIGN KEY (`category_id`) REFERENCES `category` (`id`)) in C:\ci4\system\Database\MySQLi\Connection.php:295
Stack trace:
#0 C:\ci4\system\Database\MySQLi\Connection.php(295): mysqli->query('DELETE FROM `ca...', 0)
#1 C:\ci4\system\Database\BaseConnection.php(692): CodeIgniter\Database\MySQLi\Connection->execute('DELETE FROM `ca...')
#2 C:\ci4\system\Database\BaseConnection.php(606): CodeIgniter\Database\BaseConnection->simpleQuery('DELETE FROM `ca...')
#3 C:\ci4\system\Database\BaseBuilder.php(2791): CodeIgniter\Database\BaseConnection->query('DELETE FROM `ca...', Array, false)
#4 C:\ci4\system\Model.php(456): CodeIgniter\Database\BaseBuilder->delete()
#5 C:\ci4\system\BaseModel.php(1065): CodeIgniter\Model->doDelete(Array, false)
#6 C:\ci4\app\Controllers\API\Category.php(97): CodeIgniter\BaseModel->delete(Array)
#7 C:\ci4\system\CodeIgniter.php(932): App\Controllers\API\Category->delete('2')
#8 C:\ci4\system\CodeIgniter.php(497): CodeIgniter\CodeIgniter->runController(Object(App\Controllers\API\Category))
#9 C:\ci4\system\CodeIgniter.php(366): CodeIgniter\CodeIgniter->handleRequest(NULL, Object(Config\Cache), false)
#10 C:\ci4\public\index.php(67): CodeIgniter\CodeIgniter->run()
#11 C:\ci4\system\Commands\Server\rewrite.php(47): require_once('C:\\ci4\\public\\i...')
#12 {main}
CRITICAL - 2023-07-02 21:27:15 --> Cannot delete or update a parent row: a foreign key constraint fails (`rest`.`movies`, CONSTRAINT `movies_ibfk_1` FOREIGN KEY (`category_id`) REFERENCES `category` (`id`))
in SYSTEMPATH\Database\MySQLi\Connection.php on line 295.
 1 SYSTEMPATH\Database\MySQLi\Connection.php(295): mysqli->query('DELETE FROM `category`
WHERE `id` IN (\'2\')', 0)
 2 SYSTEMPATH\Database\BaseConnection.php(692): CodeIgniter\Database\MySQLi\Connection->execute('DELETE FROM `category`
WHERE `id` IN (\'2\')')
 3 SYSTEMPATH\Database\BaseConnection.php(606): CodeIgniter\Database\BaseConnection->simpleQuery('DELETE FROM `category`
WHERE `id` IN (\'2\')')
 4 SYSTEMPATH\Database\BaseBuilder.php(2791): CodeIgniter\Database\BaseConnection->query('DELETE FROM `category`
WHERE `id` IN :id:', [...], false)
 5 SYSTEMPATH\Model.php(456): CodeIgniter\Database\BaseBuilder->delete()
 6 SYSTEMPATH\BaseModel.php(1065): CodeIgniter\Model->doDelete([...], false)
 7 APPPATH\Controllers\API\Category.php(97): CodeIgniter\BaseModel->delete([...])
 8 SYSTEMPATH\CodeIgniter.php(932): App\Controllers\API\Category->delete('2')
 9 SYSTEMPATH\CodeIgniter.php(497): CodeIgniter\CodeIgniter->runController(Object(App\Controllers\API\Category))
10 SYSTEMPATH\CodeIgniter.php(366): CodeIgniter\CodeIgniter->handleRequest(null, Object(Config\Cache), false)
11 FCPATH\index.php(67): CodeIgniter\CodeIgniter->run()
12 SYSTEMPATH\Commands\Server\rewrite.php(47): require_once('C:\\ci4\\public\\index.php')
ERROR - 2023-07-02 21:27:27 --> mysqli_sql_exception: Cannot delete or update a parent row: a foreign key constraint fails (`rest`.`movies`, CONSTRAINT `movies_ibfk_1` FOREIGN KEY (`category_id`) REFERENCES `category` (`id`)) in C:\ci4\system\Database\MySQLi\Connection.php:295
Stack trace:
#0 C:\ci4\system\Database\MySQLi\Connection.php(295): mysqli->query('DELETE FROM `ca...', 0)
#1 C:\ci4\system\Database\BaseConnection.php(692): CodeIgniter\Database\MySQLi\Connection->execute('DELETE FROM `ca...')
#2 C:\ci4\system\Database\BaseConnection.php(606): CodeIgniter\Database\BaseConnection->simpleQuery('DELETE FROM `ca...')
#3 C:\ci4\system\Database\BaseBuilder.php(2791): CodeIgniter\Database\BaseConnection->query('DELETE FROM `ca...', Array, false)
#4 C:\ci4\system\Model.php(456): CodeIgniter\Database\BaseBuilder->delete()
#5 C:\ci4\system\BaseModel.php(1065): CodeIgniter\Model->doDelete(Array, false)
#6 C:\ci4\app\Controllers\API\Category.php(97): CodeIgniter\BaseModel->delete(Array)
#7 C:\ci4\system\CodeIgniter.php(932): App\Controllers\API\Category->delete('2')
#8 C:\ci4\system\CodeIgniter.php(497): CodeIgniter\CodeIgniter->runController(Object(App\Controllers\API\Category))
#9 C:\ci4\system\CodeIgniter.php(366): CodeIgniter\CodeIgniter->handleRequest(NULL, Object(Config\Cache), false)
#10 C:\ci4\public\index.php(67): CodeIgniter\CodeIgniter->run()
#11 C:\ci4\system\Commands\Server\rewrite.php(47): require_once('C:\\ci4\\public\\i...')
#12 {main}
CRITICAL - 2023-07-02 21:27:27 --> Cannot delete or update a parent row: a foreign key constraint fails (`rest`.`movies`, CONSTRAINT `movies_ibfk_1` FOREIGN KEY (`category_id`) REFERENCES `category` (`id`))
in SYSTEMPATH\Database\MySQLi\Connection.php on line 295.
 1 SYSTEMPATH\Database\MySQLi\Connection.php(295): mysqli->query('DELETE FROM `category`
WHERE `id` IN (\'2\')', 0)
 2 SYSTEMPATH\Database\BaseConnection.php(692): CodeIgniter\Database\MySQLi\Connection->execute('DELETE FROM `category`
WHERE `id` IN (\'2\')')
 3 SYSTEMPATH\Database\BaseConnection.php(606): CodeIgniter\Database\BaseConnection->simpleQuery('DELETE FROM `category`
WHERE `id` IN (\'2\')')
 4 SYSTEMPATH\Database\BaseBuilder.php(2791): CodeIgniter\Database\BaseConnection->query('DELETE FROM `category`
WHERE `id` IN :id:', [...], false)
 5 SYSTEMPATH\Model.php(456): CodeIgniter\Database\BaseBuilder->delete()
 6 SYSTEMPATH\BaseModel.php(1065): CodeIgniter\Model->doDelete([...], false)
 7 APPPATH\Controllers\API\Category.php(97): CodeIgniter\BaseModel->delete([...])
 8 SYSTEMPATH\CodeIgniter.php(932): App\Controllers\API\Category->delete('2')
 9 SYSTEMPATH\CodeIgniter.php(497): CodeIgniter\CodeIgniter->runController(Object(App\Controllers\API\Category))
10 SYSTEMPATH\CodeIgniter.php(366): CodeIgniter\CodeIgniter->handleRequest(null, Object(Config\Cache), false)
11 FCPATH\index.php(67): CodeIgniter\CodeIgniter->run()
12 SYSTEMPATH\Commands\Server\rewrite.php(47): require_once('C:\\ci4\\public\\index.php')
ERROR - 2023-07-02 21:32:20 --> mysqli_sql_exception: Cannot delete or update a parent row: a foreign key constraint fails (`rest`.`movies`, CONSTRAINT `movies_ibfk_1` FOREIGN KEY (`category_id`) REFERENCES `category` (`id`)) in C:\ci4\system\Database\MySQLi\Connection.php:295
Stack trace:
#0 C:\ci4\system\Database\MySQLi\Connection.php(295): mysqli->query('DELETE FROM `ca...', 0)
#1 C:\ci4\system\Database\BaseConnection.php(692): CodeIgniter\Database\MySQLi\Connection->execute('DELETE FROM `ca...')
#2 C:\ci4\system\Database\BaseConnection.php(606): CodeIgniter\Database\BaseConnection->simpleQuery('DELETE FROM `ca...')
#3 C:\ci4\system\Database\BaseBuilder.php(2791): CodeIgniter\Database\BaseConnection->query('DELETE FROM `ca...', Array, false)
#4 C:\ci4\system\Model.php(456): CodeIgniter\Database\BaseBuilder->delete()
#5 C:\ci4\system\BaseModel.php(1065): CodeIgniter\Model->doDelete(Array, false)
#6 C:\ci4\app\Controllers\API\Category.php(97): CodeIgniter\BaseModel->delete(Array)
#7 C:\ci4\system\CodeIgniter.php(932): App\Controllers\API\Category->delete('2')
#8 C:\ci4\system\CodeIgniter.php(497): CodeIgniter\CodeIgniter->runController(Object(App\Controllers\API\Category))
#9 C:\ci4\system\CodeIgniter.php(366): CodeIgniter\CodeIgniter->handleRequest(NULL, Object(Config\Cache), false)
#10 C:\ci4\public\index.php(67): CodeIgniter\CodeIgniter->run()
#11 C:\ci4\system\Commands\Server\rewrite.php(47): require_once('C:\\ci4\\public\\i...')
#12 {main}
CRITICAL - 2023-07-02 21:32:20 --> Cannot delete or update a parent row: a foreign key constraint fails (`rest`.`movies`, CONSTRAINT `movies_ibfk_1` FOREIGN KEY (`category_id`) REFERENCES `category` (`id`))
in SYSTEMPATH\Database\MySQLi\Connection.php on line 295.
 1 SYSTEMPATH\Database\MySQLi\Connection.php(295): mysqli->query('DELETE FROM `category`
WHERE `id` IN (\'2\')', 0)
 2 SYSTEMPATH\Database\BaseConnection.php(692): CodeIgniter\Database\MySQLi\Connection->execute('DELETE FROM `category`
WHERE `id` IN (\'2\')')
 3 SYSTEMPATH\Database\BaseConnection.php(606): CodeIgniter\Database\BaseConnection->simpleQuery('DELETE FROM `category`
WHERE `id` IN (\'2\')')
 4 SYSTEMPATH\Database\BaseBuilder.php(2791): CodeIgniter\Database\BaseConnection->query('DELETE FROM `category`
WHERE `id` IN :id:', [...], false)
 5 SYSTEMPATH\Model.php(456): CodeIgniter\Database\BaseBuilder->delete()
 6 SYSTEMPATH\BaseModel.php(1065): CodeIgniter\Model->doDelete([...], false)
 7 APPPATH\Controllers\API\Category.php(97): CodeIgniter\BaseModel->delete([...])
 8 SYSTEMPATH\CodeIgniter.php(932): App\Controllers\API\Category->delete('2')
 9 SYSTEMPATH\CodeIgniter.php(497): CodeIgniter\CodeIgniter->runController(Object(App\Controllers\API\Category))
10 SYSTEMPATH\CodeIgniter.php(366): CodeIgniter\CodeIgniter->handleRequest(null, Object(Config\Cache), false)
11 FCPATH\index.php(67): CodeIgniter\CodeIgniter->run()
12 SYSTEMPATH\Commands\Server\rewrite.php(47): require_once('C:\\ci4\\public\\index.php')
ERROR - 2023-07-02 21:32:29 --> mysqli_sql_exception: Cannot delete or update a parent row: a foreign key constraint fails (`rest`.`movies`, CONSTRAINT `movies_ibfk_1` FOREIGN KEY (`category_id`) REFERENCES `category` (`id`)) in C:\ci4\system\Database\MySQLi\Connection.php:295
Stack trace:
#0 C:\ci4\system\Database\MySQLi\Connection.php(295): mysqli->query('DELETE FROM `ca...', 0)
#1 C:\ci4\system\Database\BaseConnection.php(692): CodeIgniter\Database\MySQLi\Connection->execute('DELETE FROM `ca...')
#2 C:\ci4\system\Database\BaseConnection.php(606): CodeIgniter\Database\BaseConnection->simpleQuery('DELETE FROM `ca...')
#3 C:\ci4\system\Database\BaseBuilder.php(2791): CodeIgniter\Database\BaseConnection->query('DELETE FROM `ca...', Array, false)
#4 C:\ci4\system\Model.php(456): CodeIgniter\Database\BaseBuilder->delete()
#5 C:\ci4\system\BaseModel.php(1065): CodeIgniter\Model->doDelete(Array, false)
#6 C:\ci4\app\Controllers\API\Category.php(97): CodeIgniter\BaseModel->delete(Array)
#7 C:\ci4\system\CodeIgniter.php(932): App\Controllers\API\Category->delete('2')
#8 C:\ci4\system\CodeIgniter.php(497): CodeIgniter\CodeIgniter->runController(Object(App\Controllers\API\Category))
#9 C:\ci4\system\CodeIgniter.php(366): CodeIgniter\CodeIgniter->handleRequest(NULL, Object(Config\Cache), false)
#10 C:\ci4\public\index.php(67): CodeIgniter\CodeIgniter->run()
#11 C:\ci4\system\Commands\Server\rewrite.php(47): require_once('C:\\ci4\\public\\i...')
#12 {main}
CRITICAL - 2023-07-02 21:32:29 --> Cannot delete or update a parent row: a foreign key constraint fails (`rest`.`movies`, CONSTRAINT `movies_ibfk_1` FOREIGN KEY (`category_id`) REFERENCES `category` (`id`))
in SYSTEMPATH\Database\MySQLi\Connection.php on line 295.
 1 SYSTEMPATH\Database\MySQLi\Connection.php(295): mysqli->query('DELETE FROM `category`
WHERE `id` IN (\'2\')', 0)
 2 SYSTEMPATH\Database\BaseConnection.php(692): CodeIgniter\Database\MySQLi\Connection->execute('DELETE FROM `category`
WHERE `id` IN (\'2\')')
 3 SYSTEMPATH\Database\BaseConnection.php(606): CodeIgniter\Database\BaseConnection->simpleQuery('DELETE FROM `category`
WHERE `id` IN (\'2\')')
 4 SYSTEMPATH\Database\BaseBuilder.php(2791): CodeIgniter\Database\BaseConnection->query('DELETE FROM `category`
WHERE `id` IN :id:', [...], false)
 5 SYSTEMPATH\Model.php(456): CodeIgniter\Database\BaseBuilder->delete()
 6 SYSTEMPATH\BaseModel.php(1065): CodeIgniter\Model->doDelete([...], false)
 7 APPPATH\Controllers\API\Category.php(97): CodeIgniter\BaseModel->delete([...])
 8 SYSTEMPATH\CodeIgniter.php(932): App\Controllers\API\Category->delete('2')
 9 SYSTEMPATH\CodeIgniter.php(497): CodeIgniter\CodeIgniter->runController(Object(App\Controllers\API\Category))
10 SYSTEMPATH\CodeIgniter.php(366): CodeIgniter\CodeIgniter->handleRequest(null, Object(Config\Cache), false)
11 FCPATH\index.php(67): CodeIgniter\CodeIgniter->run()
12 SYSTEMPATH\Commands\Server\rewrite.php(47): require_once('C:\\ci4\\public\\index.php')
ERROR - 2023-07-02 21:32:30 --> mysqli_sql_exception: Cannot delete or update a parent row: a foreign key constraint fails (`rest`.`movies`, CONSTRAINT `movies_ibfk_1` FOREIGN KEY (`category_id`) REFERENCES `category` (`id`)) in C:\ci4\system\Database\MySQLi\Connection.php:295
Stack trace:
#0 C:\ci4\system\Database\MySQLi\Connection.php(295): mysqli->query('DELETE FROM `ca...', 0)
#1 C:\ci4\system\Database\BaseConnection.php(692): CodeIgniter\Database\MySQLi\Connection->execute('DELETE FROM `ca...')
#2 C:\ci4\system\Database\BaseConnection.php(606): CodeIgniter\Database\BaseConnection->simpleQuery('DELETE FROM `ca...')
#3 C:\ci4\system\Database\BaseBuilder.php(2791): CodeIgniter\Database\BaseConnection->query('DELETE FROM `ca...', Array, false)
#4 C:\ci4\system\Model.php(456): CodeIgniter\Database\BaseBuilder->delete()
#5 C:\ci4\system\BaseModel.php(1065): CodeIgniter\Model->doDelete(Array, false)
#6 C:\ci4\app\Controllers\API\Category.php(97): CodeIgniter\BaseModel->delete(Array)
#7 C:\ci4\system\CodeIgniter.php(932): App\Controllers\API\Category->delete('2')
#8 C:\ci4\system\CodeIgniter.php(497): CodeIgniter\CodeIgniter->runController(Object(App\Controllers\API\Category))
#9 C:\ci4\system\CodeIgniter.php(366): CodeIgniter\CodeIgniter->handleRequest(NULL, Object(Config\Cache), false)
#10 C:\ci4\public\index.php(67): CodeIgniter\CodeIgniter->run()
#11 C:\ci4\system\Commands\Server\rewrite.php(47): require_once('C:\\ci4\\public\\i...')
#12 {main}
CRITICAL - 2023-07-02 21:32:30 --> Cannot delete or update a parent row: a foreign key constraint fails (`rest`.`movies`, CONSTRAINT `movies_ibfk_1` FOREIGN KEY (`category_id`) REFERENCES `category` (`id`))
in SYSTEMPATH\Database\MySQLi\Connection.php on line 295.
 1 SYSTEMPATH\Database\MySQLi\Connection.php(295): mysqli->query('DELETE FROM `category`
WHERE `id` IN (\'2\')', 0)
 2 SYSTEMPATH\Database\BaseConnection.php(692): CodeIgniter\Database\MySQLi\Connection->execute('DELETE FROM `category`
WHERE `id` IN (\'2\')')
 3 SYSTEMPATH\Database\BaseConnection.php(606): CodeIgniter\Database\BaseConnection->simpleQuery('DELETE FROM `category`
WHERE `id` IN (\'2\')')
 4 SYSTEMPATH\Database\BaseBuilder.php(2791): CodeIgniter\Database\BaseConnection->query('DELETE FROM `category`
WHERE `id` IN :id:', [...], false)
 5 SYSTEMPATH\Model.php(456): CodeIgniter\Database\BaseBuilder->delete()
 6 SYSTEMPATH\BaseModel.php(1065): CodeIgniter\Model->doDelete([...], false)
 7 APPPATH\Controllers\API\Category.php(97): CodeIgniter\BaseModel->delete([...])
 8 SYSTEMPATH\CodeIgniter.php(932): App\Controllers\API\Category->delete('2')
 9 SYSTEMPATH\CodeIgniter.php(497): CodeIgniter\CodeIgniter->runController(Object(App\Controllers\API\Category))
10 SYSTEMPATH\CodeIgniter.php(366): CodeIgniter\CodeIgniter->handleRequest(null, Object(Config\Cache), false)
11 FCPATH\index.php(67): CodeIgniter\CodeIgniter->run()
12 SYSTEMPATH\Commands\Server\rewrite.php(47): require_once('C:\\ci4\\public\\index.php')
ERROR - 2023-07-02 21:32:30 --> mysqli_sql_exception: Cannot delete or update a parent row: a foreign key constraint fails (`rest`.`movies`, CONSTRAINT `movies_ibfk_1` FOREIGN KEY (`category_id`) REFERENCES `category` (`id`)) in C:\ci4\system\Database\MySQLi\Connection.php:295
Stack trace:
#0 C:\ci4\system\Database\MySQLi\Connection.php(295): mysqli->query('DELETE FROM `ca...', 0)
#1 C:\ci4\system\Database\BaseConnection.php(692): CodeIgniter\Database\MySQLi\Connection->execute('DELETE FROM `ca...')
#2 C:\ci4\system\Database\BaseConnection.php(606): CodeIgniter\Database\BaseConnection->simpleQuery('DELETE FROM `ca...')
#3 C:\ci4\system\Database\BaseBuilder.php(2791): CodeIgniter\Database\BaseConnection->query('DELETE FROM `ca...', Array, false)
#4 C:\ci4\system\Model.php(456): CodeIgniter\Database\BaseBuilder->delete()
#5 C:\ci4\system\BaseModel.php(1065): CodeIgniter\Model->doDelete(Array, false)
#6 C:\ci4\app\Controllers\API\Category.php(97): CodeIgniter\BaseModel->delete(Array)
#7 C:\ci4\system\CodeIgniter.php(932): App\Controllers\API\Category->delete('2')
#8 C:\ci4\system\CodeIgniter.php(497): CodeIgniter\CodeIgniter->runController(Object(App\Controllers\API\Category))
#9 C:\ci4\system\CodeIgniter.php(366): CodeIgniter\CodeIgniter->handleRequest(NULL, Object(Config\Cache), false)
#10 C:\ci4\public\index.php(67): CodeIgniter\CodeIgniter->run()
#11 C:\ci4\system\Commands\Server\rewrite.php(47): require_once('C:\\ci4\\public\\i...')
#12 {main}
CRITICAL - 2023-07-02 21:32:30 --> Cannot delete or update a parent row: a foreign key constraint fails (`rest`.`movies`, CONSTRAINT `movies_ibfk_1` FOREIGN KEY (`category_id`) REFERENCES `category` (`id`))
in SYSTEMPATH\Database\MySQLi\Connection.php on line 295.
 1 SYSTEMPATH\Database\MySQLi\Connection.php(295): mysqli->query('DELETE FROM `category`
WHERE `id` IN (\'2\')', 0)
 2 SYSTEMPATH\Database\BaseConnection.php(692): CodeIgniter\Database\MySQLi\Connection->execute('DELETE FROM `category`
WHERE `id` IN (\'2\')')
 3 SYSTEMPATH\Database\BaseConnection.php(606): CodeIgniter\Database\BaseConnection->simpleQuery('DELETE FROM `category`
WHERE `id` IN (\'2\')')
 4 SYSTEMPATH\Database\BaseBuilder.php(2791): CodeIgniter\Database\BaseConnection->query('DELETE FROM `category`
WHERE `id` IN :id:', [...], false)
 5 SYSTEMPATH\Model.php(456): CodeIgniter\Database\BaseBuilder->delete()
 6 SYSTEMPATH\BaseModel.php(1065): CodeIgniter\Model->doDelete([...], false)
 7 APPPATH\Controllers\API\Category.php(97): CodeIgniter\BaseModel->delete([...])
 8 SYSTEMPATH\CodeIgniter.php(932): App\Controllers\API\Category->delete('2')
 9 SYSTEMPATH\CodeIgniter.php(497): CodeIgniter\CodeIgniter->runController(Object(App\Controllers\API\Category))
10 SYSTEMPATH\CodeIgniter.php(366): CodeIgniter\CodeIgniter->handleRequest(null, Object(Config\Cache), false)
11 FCPATH\index.php(67): CodeIgniter\CodeIgniter->run()
12 SYSTEMPATH\Commands\Server\rewrite.php(47): require_once('C:\\ci4\\public\\index.php')
ERROR - 2023-07-02 21:32:45 --> mysqli_sql_exception: Cannot delete or update a parent row: a foreign key constraint fails (`rest`.`movies`, CONSTRAINT `movies_ibfk_1` FOREIGN KEY (`category_id`) REFERENCES `category` (`id`)) in C:\ci4\system\Database\MySQLi\Connection.php:295
Stack trace:
#0 C:\ci4\system\Database\MySQLi\Connection.php(295): mysqli->query('DELETE FROM `ca...', 0)
#1 C:\ci4\system\Database\BaseConnection.php(692): CodeIgniter\Database\MySQLi\Connection->execute('DELETE FROM `ca...')
#2 C:\ci4\system\Database\BaseConnection.php(606): CodeIgniter\Database\BaseConnection->simpleQuery('DELETE FROM `ca...')
#3 C:\ci4\system\Database\BaseBuilder.php(2791): CodeIgniter\Database\BaseConnection->query('DELETE FROM `ca...', Array, false)
#4 C:\ci4\system\Model.php(456): CodeIgniter\Database\BaseBuilder->delete()
#5 C:\ci4\system\BaseModel.php(1065): CodeIgniter\Model->doDelete(Array, false)
#6 C:\ci4\app\Controllers\API\Category.php(97): CodeIgniter\BaseModel->delete(Array)
#7 C:\ci4\system\CodeIgniter.php(932): App\Controllers\API\Category->delete('2')
#8 C:\ci4\system\CodeIgniter.php(497): CodeIgniter\CodeIgniter->runController(Object(App\Controllers\API\Category))
#9 C:\ci4\system\CodeIgniter.php(366): CodeIgniter\CodeIgniter->handleRequest(NULL, Object(Config\Cache), false)
#10 C:\ci4\public\index.php(67): CodeIgniter\CodeIgniter->run()
#11 C:\ci4\system\Commands\Server\rewrite.php(47): require_once('C:\\ci4\\public\\i...')
#12 {main}
CRITICAL - 2023-07-02 21:32:45 --> Cannot delete or update a parent row: a foreign key constraint fails (`rest`.`movies`, CONSTRAINT `movies_ibfk_1` FOREIGN KEY (`category_id`) REFERENCES `category` (`id`))
in SYSTEMPATH\Database\MySQLi\Connection.php on line 295.
 1 SYSTEMPATH\Database\MySQLi\Connection.php(295): mysqli->query('DELETE FROM `category`
WHERE `id` IN (\'2\')', 0)
 2 SYSTEMPATH\Database\BaseConnection.php(692): CodeIgniter\Database\MySQLi\Connection->execute('DELETE FROM `category`
WHERE `id` IN (\'2\')')
 3 SYSTEMPATH\Database\BaseConnection.php(606): CodeIgniter\Database\BaseConnection->simpleQuery('DELETE FROM `category`
WHERE `id` IN (\'2\')')
 4 SYSTEMPATH\Database\BaseBuilder.php(2791): CodeIgniter\Database\BaseConnection->query('DELETE FROM `category`
WHERE `id` IN :id:', [...], false)
 5 SYSTEMPATH\Model.php(456): CodeIgniter\Database\BaseBuilder->delete()
 6 SYSTEMPATH\BaseModel.php(1065): CodeIgniter\Model->doDelete([...], false)
 7 APPPATH\Controllers\API\Category.php(97): CodeIgniter\BaseModel->delete([...])
 8 SYSTEMPATH\CodeIgniter.php(932): App\Controllers\API\Category->delete('2')
 9 SYSTEMPATH\CodeIgniter.php(497): CodeIgniter\CodeIgniter->runController(Object(App\Controllers\API\Category))
10 SYSTEMPATH\CodeIgniter.php(366): CodeIgniter\CodeIgniter->handleRequest(null, Object(Config\Cache), false)
11 FCPATH\index.php(67): CodeIgniter\CodeIgniter->run()
12 SYSTEMPATH\Commands\Server\rewrite.php(47): require_once('C:\\ci4\\public\\index.php')
ERROR - 2023-07-02 21:32:45 --> mysqli_sql_exception: Cannot delete or update a parent row: a foreign key constraint fails (`rest`.`movies`, CONSTRAINT `movies_ibfk_1` FOREIGN KEY (`category_id`) REFERENCES `category` (`id`)) in C:\ci4\system\Database\MySQLi\Connection.php:295
Stack trace:
#0 C:\ci4\system\Database\MySQLi\Connection.php(295): mysqli->query('DELETE FROM `ca...', 0)
#1 C:\ci4\system\Database\BaseConnection.php(692): CodeIgniter\Database\MySQLi\Connection->execute('DELETE FROM `ca...')
#2 C:\ci4\system\Database\BaseConnection.php(606): CodeIgniter\Database\BaseConnection->simpleQuery('DELETE FROM `ca...')
#3 C:\ci4\system\Database\BaseBuilder.php(2791): CodeIgniter\Database\BaseConnection->query('DELETE FROM `ca...', Array, false)
#4 C:\ci4\system\Model.php(456): CodeIgniter\Database\BaseBuilder->delete()
#5 C:\ci4\system\BaseModel.php(1065): CodeIgniter\Model->doDelete(Array, false)
#6 C:\ci4\app\Controllers\API\Category.php(97): CodeIgniter\BaseModel->delete(Array)
#7 C:\ci4\system\CodeIgniter.php(932): App\Controllers\API\Category->delete('2')
#8 C:\ci4\system\CodeIgniter.php(497): CodeIgniter\CodeIgniter->runController(Object(App\Controllers\API\Category))
#9 C:\ci4\system\CodeIgniter.php(366): CodeIgniter\CodeIgniter->handleRequest(NULL, Object(Config\Cache), false)
#10 C:\ci4\public\index.php(67): CodeIgniter\CodeIgniter->run()
#11 C:\ci4\system\Commands\Server\rewrite.php(47): require_once('C:\\ci4\\public\\i...')
#12 {main}
CRITICAL - 2023-07-02 21:32:45 --> Cannot delete or update a parent row: a foreign key constraint fails (`rest`.`movies`, CONSTRAINT `movies_ibfk_1` FOREIGN KEY (`category_id`) REFERENCES `category` (`id`))
in SYSTEMPATH\Database\MySQLi\Connection.php on line 295.
 1 SYSTEMPATH\Database\MySQLi\Connection.php(295): mysqli->query('DELETE FROM `category`
WHERE `id` IN (\'2\')', 0)
 2 SYSTEMPATH\Database\BaseConnection.php(692): CodeIgniter\Database\MySQLi\Connection->execute('DELETE FROM `category`
WHERE `id` IN (\'2\')')
 3 SYSTEMPATH\Database\BaseConnection.php(606): CodeIgniter\Database\BaseConnection->simpleQuery('DELETE FROM `category`
WHERE `id` IN (\'2\')')
 4 SYSTEMPATH\Database\BaseBuilder.php(2791): CodeIgniter\Database\BaseConnection->query('DELETE FROM `category`
WHERE `id` IN :id:', [...], false)
 5 SYSTEMPATH\Model.php(456): CodeIgniter\Database\BaseBuilder->delete()
 6 SYSTEMPATH\BaseModel.php(1065): CodeIgniter\Model->doDelete([...], false)
 7 APPPATH\Controllers\API\Category.php(97): CodeIgniter\BaseModel->delete([...])
 8 SYSTEMPATH\CodeIgniter.php(932): App\Controllers\API\Category->delete('2')
 9 SYSTEMPATH\CodeIgniter.php(497): CodeIgniter\CodeIgniter->runController(Object(App\Controllers\API\Category))
10 SYSTEMPATH\CodeIgniter.php(366): CodeIgniter\CodeIgniter->handleRequest(null, Object(Config\Cache), false)
11 FCPATH\index.php(67): CodeIgniter\CodeIgniter->run()
12 SYSTEMPATH\Commands\Server\rewrite.php(47): require_once('C:\\ci4\\public\\index.php')
ERROR - 2023-07-02 21:32:46 --> mysqli_sql_exception: Cannot delete or update a parent row: a foreign key constraint fails (`rest`.`movies`, CONSTRAINT `movies_ibfk_1` FOREIGN KEY (`category_id`) REFERENCES `category` (`id`)) in C:\ci4\system\Database\MySQLi\Connection.php:295
Stack trace:
#0 C:\ci4\system\Database\MySQLi\Connection.php(295): mysqli->query('DELETE FROM `ca...', 0)
#1 C:\ci4\system\Database\BaseConnection.php(692): CodeIgniter\Database\MySQLi\Connection->execute('DELETE FROM `ca...')
#2 C:\ci4\system\Database\BaseConnection.php(606): CodeIgniter\Database\BaseConnection->simpleQuery('DELETE FROM `ca...')
#3 C:\ci4\system\Database\BaseBuilder.php(2791): CodeIgniter\Database\BaseConnection->query('DELETE FROM `ca...', Array, false)
#4 C:\ci4\system\Model.php(456): CodeIgniter\Database\BaseBuilder->delete()
#5 C:\ci4\system\BaseModel.php(1065): CodeIgniter\Model->doDelete(Array, false)
#6 C:\ci4\app\Controllers\API\Category.php(97): CodeIgniter\BaseModel->delete(Array)
#7 C:\ci4\system\CodeIgniter.php(932): App\Controllers\API\Category->delete('2')
#8 C:\ci4\system\CodeIgniter.php(497): CodeIgniter\CodeIgniter->runController(Object(App\Controllers\API\Category))
#9 C:\ci4\system\CodeIgniter.php(366): CodeIgniter\CodeIgniter->handleRequest(NULL, Object(Config\Cache), false)
#10 C:\ci4\public\index.php(67): CodeIgniter\CodeIgniter->run()
#11 C:\ci4\system\Commands\Server\rewrite.php(47): require_once('C:\\ci4\\public\\i...')
#12 {main}
CRITICAL - 2023-07-02 21:32:46 --> Cannot delete or update a parent row: a foreign key constraint fails (`rest`.`movies`, CONSTRAINT `movies_ibfk_1` FOREIGN KEY (`category_id`) REFERENCES `category` (`id`))
in SYSTEMPATH\Database\MySQLi\Connection.php on line 295.
 1 SYSTEMPATH\Database\MySQLi\Connection.php(295): mysqli->query('DELETE FROM `category`
WHERE `id` IN (\'2\')', 0)
 2 SYSTEMPATH\Database\BaseConnection.php(692): CodeIgniter\Database\MySQLi\Connection->execute('DELETE FROM `category`
WHERE `id` IN (\'2\')')
 3 SYSTEMPATH\Database\BaseConnection.php(606): CodeIgniter\Database\BaseConnection->simpleQuery('DELETE FROM `category`
WHERE `id` IN (\'2\')')
 4 SYSTEMPATH\Database\BaseBuilder.php(2791): CodeIgniter\Database\BaseConnection->query('DELETE FROM `category`
WHERE `id` IN :id:', [...], false)
 5 SYSTEMPATH\Model.php(456): CodeIgniter\Database\BaseBuilder->delete()
 6 SYSTEMPATH\BaseModel.php(1065): CodeIgniter\Model->doDelete([...], false)
 7 APPPATH\Controllers\API\Category.php(97): CodeIgniter\BaseModel->delete([...])
 8 SYSTEMPATH\CodeIgniter.php(932): App\Controllers\API\Category->delete('2')
 9 SYSTEMPATH\CodeIgniter.php(497): CodeIgniter\CodeIgniter->runController(Object(App\Controllers\API\Category))
10 SYSTEMPATH\CodeIgniter.php(366): CodeIgniter\CodeIgniter->handleRequest(null, Object(Config\Cache), false)
11 FCPATH\index.php(67): CodeIgniter\CodeIgniter->run()
12 SYSTEMPATH\Commands\Server\rewrite.php(47): require_once('C:\\ci4\\public\\index.php')
ERROR - 2023-07-02 21:32:46 --> mysqli_sql_exception: Cannot delete or update a parent row: a foreign key constraint fails (`rest`.`movies`, CONSTRAINT `movies_ibfk_1` FOREIGN KEY (`category_id`) REFERENCES `category` (`id`)) in C:\ci4\system\Database\MySQLi\Connection.php:295
Stack trace:
#0 C:\ci4\system\Database\MySQLi\Connection.php(295): mysqli->query('DELETE FROM `ca...', 0)
#1 C:\ci4\system\Database\BaseConnection.php(692): CodeIgniter\Database\MySQLi\Connection->execute('DELETE FROM `ca...')
#2 C:\ci4\system\Database\BaseConnection.php(606): CodeIgniter\Database\BaseConnection->simpleQuery('DELETE FROM `ca...')
#3 C:\ci4\system\Database\BaseBuilder.php(2791): CodeIgniter\Database\BaseConnection->query('DELETE FROM `ca...', Array, false)
#4 C:\ci4\system\Model.php(456): CodeIgniter\Database\BaseBuilder->delete()
#5 C:\ci4\system\BaseModel.php(1065): CodeIgniter\Model->doDelete(Array, false)
#6 C:\ci4\app\Controllers\API\Category.php(97): CodeIgniter\BaseModel->delete(Array)
#7 C:\ci4\system\CodeIgniter.php(932): App\Controllers\API\Category->delete('2')
#8 C:\ci4\system\CodeIgniter.php(497): CodeIgniter\CodeIgniter->runController(Object(App\Controllers\API\Category))
#9 C:\ci4\system\CodeIgniter.php(366): CodeIgniter\CodeIgniter->handleRequest(NULL, Object(Config\Cache), false)
#10 C:\ci4\public\index.php(67): CodeIgniter\CodeIgniter->run()
#11 C:\ci4\system\Commands\Server\rewrite.php(47): require_once('C:\\ci4\\public\\i...')
#12 {main}
CRITICAL - 2023-07-02 21:32:46 --> Cannot delete or update a parent row: a foreign key constraint fails (`rest`.`movies`, CONSTRAINT `movies_ibfk_1` FOREIGN KEY (`category_id`) REFERENCES `category` (`id`))
in SYSTEMPATH\Database\MySQLi\Connection.php on line 295.
 1 SYSTEMPATH\Database\MySQLi\Connection.php(295): mysqli->query('DELETE FROM `category`
WHERE `id` IN (\'2\')', 0)
 2 SYSTEMPATH\Database\BaseConnection.php(692): CodeIgniter\Database\MySQLi\Connection->execute('DELETE FROM `category`
WHERE `id` IN (\'2\')')
 3 SYSTEMPATH\Database\BaseConnection.php(606): CodeIgniter\Database\BaseConnection->simpleQuery('DELETE FROM `category`
WHERE `id` IN (\'2\')')
 4 SYSTEMPATH\Database\BaseBuilder.php(2791): CodeIgniter\Database\BaseConnection->query('DELETE FROM `category`
WHERE `id` IN :id:', [...], false)
 5 SYSTEMPATH\Model.php(456): CodeIgniter\Database\BaseBuilder->delete()
 6 SYSTEMPATH\BaseModel.php(1065): CodeIgniter\Model->doDelete([...], false)
 7 APPPATH\Controllers\API\Category.php(97): CodeIgniter\BaseModel->delete([...])
 8 SYSTEMPATH\CodeIgniter.php(932): App\Controllers\API\Category->delete('2')
 9 SYSTEMPATH\CodeIgniter.php(497): CodeIgniter\CodeIgniter->runController(Object(App\Controllers\API\Category))
10 SYSTEMPATH\CodeIgniter.php(366): CodeIgniter\CodeIgniter->handleRequest(null, Object(Config\Cache), false)
11 FCPATH\index.php(67): CodeIgniter\CodeIgniter->run()
12 SYSTEMPATH\Commands\Server\rewrite.php(47): require_once('C:\\ci4\\public\\index.php')
ERROR - 2023-07-02 21:32:47 --> mysqli_sql_exception: Cannot delete or update a parent row: a foreign key constraint fails (`rest`.`movies`, CONSTRAINT `movies_ibfk_1` FOREIGN KEY (`category_id`) REFERENCES `category` (`id`)) in C:\ci4\system\Database\MySQLi\Connection.php:295
Stack trace:
#0 C:\ci4\system\Database\MySQLi\Connection.php(295): mysqli->query('DELETE FROM `ca...', 0)
#1 C:\ci4\system\Database\BaseConnection.php(692): CodeIgniter\Database\MySQLi\Connection->execute('DELETE FROM `ca...')
#2 C:\ci4\system\Database\BaseConnection.php(606): CodeIgniter\Database\BaseConnection->simpleQuery('DELETE FROM `ca...')
#3 C:\ci4\system\Database\BaseBuilder.php(2791): CodeIgniter\Database\BaseConnection->query('DELETE FROM `ca...', Array, false)
#4 C:\ci4\system\Model.php(456): CodeIgniter\Database\BaseBuilder->delete()
#5 C:\ci4\system\BaseModel.php(1065): CodeIgniter\Model->doDelete(Array, false)
#6 C:\ci4\app\Controllers\API\Category.php(97): CodeIgniter\BaseModel->delete(Array)
#7 C:\ci4\system\CodeIgniter.php(932): App\Controllers\API\Category->delete('2')
#8 C:\ci4\system\CodeIgniter.php(497): CodeIgniter\CodeIgniter->runController(Object(App\Controllers\API\Category))
#9 C:\ci4\system\CodeIgniter.php(366): CodeIgniter\CodeIgniter->handleRequest(NULL, Object(Config\Cache), false)
#10 C:\ci4\public\index.php(67): CodeIgniter\CodeIgniter->run()
#11 C:\ci4\system\Commands\Server\rewrite.php(47): require_once('C:\\ci4\\public\\i...')
#12 {main}
CRITICAL - 2023-07-02 21:32:47 --> Cannot delete or update a parent row: a foreign key constraint fails (`rest`.`movies`, CONSTRAINT `movies_ibfk_1` FOREIGN KEY (`category_id`) REFERENCES `category` (`id`))
in SYSTEMPATH\Database\MySQLi\Connection.php on line 295.
 1 SYSTEMPATH\Database\MySQLi\Connection.php(295): mysqli->query('DELETE FROM `category`
WHERE `id` IN (\'2\')', 0)
 2 SYSTEMPATH\Database\BaseConnection.php(692): CodeIgniter\Database\MySQLi\Connection->execute('DELETE FROM `category`
WHERE `id` IN (\'2\')')
 3 SYSTEMPATH\Database\BaseConnection.php(606): CodeIgniter\Database\BaseConnection->simpleQuery('DELETE FROM `category`
WHERE `id` IN (\'2\')')
 4 SYSTEMPATH\Database\BaseBuilder.php(2791): CodeIgniter\Database\BaseConnection->query('DELETE FROM `category`
WHERE `id` IN :id:', [...], false)
 5 SYSTEMPATH\Model.php(456): CodeIgniter\Database\BaseBuilder->delete()
 6 SYSTEMPATH\BaseModel.php(1065): CodeIgniter\Model->doDelete([...], false)
 7 APPPATH\Controllers\API\Category.php(97): CodeIgniter\BaseModel->delete([...])
 8 SYSTEMPATH\CodeIgniter.php(932): App\Controllers\API\Category->delete('2')
 9 SYSTEMPATH\CodeIgniter.php(497): CodeIgniter\CodeIgniter->runController(Object(App\Controllers\API\Category))
10 SYSTEMPATH\CodeIgniter.php(366): CodeIgniter\CodeIgniter->handleRequest(null, Object(Config\Cache), false)
11 FCPATH\index.php(67): CodeIgniter\CodeIgniter->run()
12 SYSTEMPATH\Commands\Server\rewrite.php(47): require_once('C:\\ci4\\public\\index.php')
ERROR - 2023-07-02 21:33:04 --> mysqli_sql_exception: Cannot delete or update a parent row: a foreign key constraint fails (`rest`.`movies`, CONSTRAINT `movies_ibfk_1` FOREIGN KEY (`category_id`) REFERENCES `category` (`id`)) in C:\ci4\system\Database\MySQLi\Connection.php:295
Stack trace:
#0 C:\ci4\system\Database\MySQLi\Connection.php(295): mysqli->query('DELETE FROM `ca...', 0)
#1 C:\ci4\system\Database\BaseConnection.php(692): CodeIgniter\Database\MySQLi\Connection->execute('DELETE FROM `ca...')
#2 C:\ci4\system\Database\BaseConnection.php(606): CodeIgniter\Database\BaseConnection->simpleQuery('DELETE FROM `ca...')
#3 C:\ci4\system\Database\BaseBuilder.php(2791): CodeIgniter\Database\BaseConnection->query('DELETE FROM `ca...', Array, false)
#4 C:\ci4\system\Model.php(456): CodeIgniter\Database\BaseBuilder->delete()
#5 C:\ci4\system\BaseModel.php(1065): CodeIgniter\Model->doDelete(Array, false)
#6 C:\ci4\app\Controllers\API\Category.php(97): CodeIgniter\BaseModel->delete(Array)
#7 C:\ci4\system\CodeIgniter.php(932): App\Controllers\API\Category->delete('2')
#8 C:\ci4\system\CodeIgniter.php(497): CodeIgniter\CodeIgniter->runController(Object(App\Controllers\API\Category))
#9 C:\ci4\system\CodeIgniter.php(366): CodeIgniter\CodeIgniter->handleRequest(NULL, Object(Config\Cache), false)
#10 C:\ci4\public\index.php(67): CodeIgniter\CodeIgniter->run()
#11 C:\ci4\system\Commands\Server\rewrite.php(47): require_once('C:\\ci4\\public\\i...')
#12 {main}
CRITICAL - 2023-07-02 21:33:04 --> Cannot delete or update a parent row: a foreign key constraint fails (`rest`.`movies`, CONSTRAINT `movies_ibfk_1` FOREIGN KEY (`category_id`) REFERENCES `category` (`id`))
in SYSTEMPATH\Database\MySQLi\Connection.php on line 295.
 1 SYSTEMPATH\Database\MySQLi\Connection.php(295): mysqli->query('DELETE FROM `category`
WHERE `id` IN (\'2\')', 0)
 2 SYSTEMPATH\Database\BaseConnection.php(692): CodeIgniter\Database\MySQLi\Connection->execute('DELETE FROM `category`
WHERE `id` IN (\'2\')')
 3 SYSTEMPATH\Database\BaseConnection.php(606): CodeIgniter\Database\BaseConnection->simpleQuery('DELETE FROM `category`
WHERE `id` IN (\'2\')')
 4 SYSTEMPATH\Database\BaseBuilder.php(2791): CodeIgniter\Database\BaseConnection->query('DELETE FROM `category`
WHERE `id` IN :id:', [...], false)
 5 SYSTEMPATH\Model.php(456): CodeIgniter\Database\BaseBuilder->delete()
 6 SYSTEMPATH\BaseModel.php(1065): CodeIgniter\Model->doDelete([...], false)
 7 APPPATH\Controllers\API\Category.php(97): CodeIgniter\BaseModel->delete([...])
 8 SYSTEMPATH\CodeIgniter.php(932): App\Controllers\API\Category->delete('2')
 9 SYSTEMPATH\CodeIgniter.php(497): CodeIgniter\CodeIgniter->runController(Object(App\Controllers\API\Category))
10 SYSTEMPATH\CodeIgniter.php(366): CodeIgniter\CodeIgniter->handleRequest(null, Object(Config\Cache), false)
11 FCPATH\index.php(67): CodeIgniter\CodeIgniter->run()
12 SYSTEMPATH\Commands\Server\rewrite.php(47): require_once('C:\\ci4\\public\\index.php')
ERROR - 2023-07-02 21:34:11 --> mysqli_sql_exception: Cannot delete or update a parent row: a foreign key constraint fails (`rest`.`movies`, CONSTRAINT `movies_ibfk_1` FOREIGN KEY (`category_id`) REFERENCES `category` (`id`)) in C:\ci4\system\Database\MySQLi\Connection.php:295
Stack trace:
#0 C:\ci4\system\Database\MySQLi\Connection.php(295): mysqli->query('DELETE FROM `ca...', 0)
#1 C:\ci4\system\Database\BaseConnection.php(692): CodeIgniter\Database\MySQLi\Connection->execute('DELETE FROM `ca...')
#2 C:\ci4\system\Database\BaseConnection.php(606): CodeIgniter\Database\BaseConnection->simpleQuery('DELETE FROM `ca...')
#3 C:\ci4\system\Database\BaseBuilder.php(2791): CodeIgniter\Database\BaseConnection->query('DELETE FROM `ca...', Array, false)
#4 C:\ci4\system\Model.php(456): CodeIgniter\Database\BaseBuilder->delete()
#5 C:\ci4\system\BaseModel.php(1065): CodeIgniter\Model->doDelete(Array, false)
#6 C:\ci4\app\Controllers\API\Category.php(90): CodeIgniter\BaseModel->delete(Array)
#7 C:\ci4\system\CodeIgniter.php(932): App\Controllers\API\Category->delete('2')
#8 C:\ci4\system\CodeIgniter.php(497): CodeIgniter\CodeIgniter->runController(Object(App\Controllers\API\Category))
#9 C:\ci4\system\CodeIgniter.php(366): CodeIgniter\CodeIgniter->handleRequest(NULL, Object(Config\Cache), false)
#10 C:\ci4\public\index.php(67): CodeIgniter\CodeIgniter->run()
#11 C:\ci4\system\Commands\Server\rewrite.php(47): require_once('C:\\ci4\\public\\i...')
#12 {main}
CRITICAL - 2023-07-02 21:34:11 --> Cannot delete or update a parent row: a foreign key constraint fails (`rest`.`movies`, CONSTRAINT `movies_ibfk_1` FOREIGN KEY (`category_id`) REFERENCES `category` (`id`))
in SYSTEMPATH\Database\MySQLi\Connection.php on line 295.
 1 SYSTEMPATH\Database\MySQLi\Connection.php(295): mysqli->query('DELETE FROM `category`
WHERE `id` IN (\'2\')', 0)
 2 SYSTEMPATH\Database\BaseConnection.php(692): CodeIgniter\Database\MySQLi\Connection->execute('DELETE FROM `category`
WHERE `id` IN (\'2\')')
 3 SYSTEMPATH\Database\BaseConnection.php(606): CodeIgniter\Database\BaseConnection->simpleQuery('DELETE FROM `category`
WHERE `id` IN (\'2\')')
 4 SYSTEMPATH\Database\BaseBuilder.php(2791): CodeIgniter\Database\BaseConnection->query('DELETE FROM `category`
WHERE `id` IN :id:', [...], false)
 5 SYSTEMPATH\Model.php(456): CodeIgniter\Database\BaseBuilder->delete()
 6 SYSTEMPATH\BaseModel.php(1065): CodeIgniter\Model->doDelete([...], false)
 7 APPPATH\Controllers\API\Category.php(90): CodeIgniter\BaseModel->delete([...])
 8 SYSTEMPATH\CodeIgniter.php(932): App\Controllers\API\Category->delete('2')
 9 SYSTEMPATH\CodeIgniter.php(497): CodeIgniter\CodeIgniter->runController(Object(App\Controllers\API\Category))
10 SYSTEMPATH\CodeIgniter.php(366): CodeIgniter\CodeIgniter->handleRequest(null, Object(Config\Cache), false)
11 FCPATH\index.php(67): CodeIgniter\CodeIgniter->run()
12 SYSTEMPATH\Commands\Server\rewrite.php(47): require_once('C:\\ci4\\public\\index.php')
ERROR - 2023-07-02 21:34:13 --> mysqli_sql_exception: Cannot delete or update a parent row: a foreign key constraint fails (`rest`.`movies`, CONSTRAINT `movies_ibfk_1` FOREIGN KEY (`category_id`) REFERENCES `category` (`id`)) in C:\ci4\system\Database\MySQLi\Connection.php:295
Stack trace:
#0 C:\ci4\system\Database\MySQLi\Connection.php(295): mysqli->query('DELETE FROM `ca...', 0)
#1 C:\ci4\system\Database\BaseConnection.php(692): CodeIgniter\Database\MySQLi\Connection->execute('DELETE FROM `ca...')
#2 C:\ci4\system\Database\BaseConnection.php(606): CodeIgniter\Database\BaseConnection->simpleQuery('DELETE FROM `ca...')
#3 C:\ci4\system\Database\BaseBuilder.php(2791): CodeIgniter\Database\BaseConnection->query('DELETE FROM `ca...', Array, false)
#4 C:\ci4\system\Model.php(456): CodeIgniter\Database\BaseBuilder->delete()
#5 C:\ci4\system\BaseModel.php(1065): CodeIgniter\Model->doDelete(Array, false)
#6 C:\ci4\app\Controllers\API\Category.php(90): CodeIgniter\BaseModel->delete(Array)
#7 C:\ci4\system\CodeIgniter.php(932): App\Controllers\API\Category->delete('2')
#8 C:\ci4\system\CodeIgniter.php(497): CodeIgniter\CodeIgniter->runController(Object(App\Controllers\API\Category))
#9 C:\ci4\system\CodeIgniter.php(366): CodeIgniter\CodeIgniter->handleRequest(NULL, Object(Config\Cache), false)
#10 C:\ci4\public\index.php(67): CodeIgniter\CodeIgniter->run()
#11 C:\ci4\system\Commands\Server\rewrite.php(47): require_once('C:\\ci4\\public\\i...')
#12 {main}
CRITICAL - 2023-07-02 21:34:13 --> Cannot delete or update a parent row: a foreign key constraint fails (`rest`.`movies`, CONSTRAINT `movies_ibfk_1` FOREIGN KEY (`category_id`) REFERENCES `category` (`id`))
in SYSTEMPATH\Database\MySQLi\Connection.php on line 295.
 1 SYSTEMPATH\Database\MySQLi\Connection.php(295): mysqli->query('DELETE FROM `category`
WHERE `id` IN (\'2\')', 0)
 2 SYSTEMPATH\Database\BaseConnection.php(692): CodeIgniter\Database\MySQLi\Connection->execute('DELETE FROM `category`
WHERE `id` IN (\'2\')')
 3 SYSTEMPATH\Database\BaseConnection.php(606): CodeIgniter\Database\BaseConnection->simpleQuery('DELETE FROM `category`
WHERE `id` IN (\'2\')')
 4 SYSTEMPATH\Database\BaseBuilder.php(2791): CodeIgniter\Database\BaseConnection->query('DELETE FROM `category`
WHERE `id` IN :id:', [...], false)
 5 SYSTEMPATH\Model.php(456): CodeIgniter\Database\BaseBuilder->delete()
 6 SYSTEMPATH\BaseModel.php(1065): CodeIgniter\Model->doDelete([...], false)
 7 APPPATH\Controllers\API\Category.php(90): CodeIgniter\BaseModel->delete([...])
 8 SYSTEMPATH\CodeIgniter.php(932): App\Controllers\API\Category->delete('2')
 9 SYSTEMPATH\CodeIgniter.php(497): CodeIgniter\CodeIgniter->runController(Object(App\Controllers\API\Category))
10 SYSTEMPATH\CodeIgniter.php(366): CodeIgniter\CodeIgniter->handleRequest(null, Object(Config\Cache), false)
11 FCPATH\index.php(67): CodeIgniter\CodeIgniter->run()
12 SYSTEMPATH\Commands\Server\rewrite.php(47): require_once('C:\\ci4\\public\\index.php')
ERROR - 2023-07-02 21:34:57 --> mysqli_sql_exception: Cannot delete or update a parent row: a foreign key constraint fails (`rest`.`movies`, CONSTRAINT `movies_ibfk_1` FOREIGN KEY (`category_id`) REFERENCES `category` (`id`)) in C:\ci4\system\Database\MySQLi\Connection.php:295
Stack trace:
#0 C:\ci4\system\Database\MySQLi\Connection.php(295): mysqli->query('DELETE FROM `ca...', 0)
#1 C:\ci4\system\Database\BaseConnection.php(692): CodeIgniter\Database\MySQLi\Connection->execute('DELETE FROM `ca...')
#2 C:\ci4\system\Database\BaseConnection.php(606): CodeIgniter\Database\BaseConnection->simpleQuery('DELETE FROM `ca...')
#3 C:\ci4\system\Database\BaseBuilder.php(2791): CodeIgniter\Database\BaseConnection->query('DELETE FROM `ca...', Array, false)
#4 C:\ci4\system\Model.php(456): CodeIgniter\Database\BaseBuilder->delete()
#5 C:\ci4\system\BaseModel.php(1065): CodeIgniter\Model->doDelete(Array, false)
#6 C:\ci4\app\Controllers\API\Category.php(90): CodeIgniter\BaseModel->delete(Array)
#7 C:\ci4\system\CodeIgniter.php(932): App\Controllers\API\Category->delete('2')
#8 C:\ci4\system\CodeIgniter.php(497): CodeIgniter\CodeIgniter->runController(Object(App\Controllers\API\Category))
#9 C:\ci4\system\CodeIgniter.php(366): CodeIgniter\CodeIgniter->handleRequest(NULL, Object(Config\Cache), false)
#10 C:\ci4\public\index.php(67): CodeIgniter\CodeIgniter->run()
#11 C:\ci4\system\Commands\Server\rewrite.php(47): require_once('C:\\ci4\\public\\i...')
#12 {main}
CRITICAL - 2023-07-02 21:34:57 --> Cannot delete or update a parent row: a foreign key constraint fails (`rest`.`movies`, CONSTRAINT `movies_ibfk_1` FOREIGN KEY (`category_id`) REFERENCES `category` (`id`))
in SYSTEMPATH\Database\MySQLi\Connection.php on line 295.
 1 SYSTEMPATH\Database\MySQLi\Connection.php(295): mysqli->query('DELETE FROM `category`
WHERE `id` IN (\'2\')', 0)
 2 SYSTEMPATH\Database\BaseConnection.php(692): CodeIgniter\Database\MySQLi\Connection->execute('DELETE FROM `category`
WHERE `id` IN (\'2\')')
 3 SYSTEMPATH\Database\BaseConnection.php(606): CodeIgniter\Database\BaseConnection->simpleQuery('DELETE FROM `category`
WHERE `id` IN (\'2\')')
 4 SYSTEMPATH\Database\BaseBuilder.php(2791): CodeIgniter\Database\BaseConnection->query('DELETE FROM `category`
WHERE `id` IN :id:', [...], false)
 5 SYSTEMPATH\Model.php(456): CodeIgniter\Database\BaseBuilder->delete()
 6 SYSTEMPATH\BaseModel.php(1065): CodeIgniter\Model->doDelete([...], false)
 7 APPPATH\Controllers\API\Category.php(90): CodeIgniter\BaseModel->delete([...])
 8 SYSTEMPATH\CodeIgniter.php(932): App\Controllers\API\Category->delete('2')
 9 SYSTEMPATH\CodeIgniter.php(497): CodeIgniter\CodeIgniter->runController(Object(App\Controllers\API\Category))
10 SYSTEMPATH\CodeIgniter.php(366): CodeIgniter\CodeIgniter->handleRequest(null, Object(Config\Cache), false)
11 FCPATH\index.php(67): CodeIgniter\CodeIgniter->run()
12 SYSTEMPATH\Commands\Server\rewrite.php(47): require_once('C:\\ci4\\public\\index.php')
ERROR - 2023-07-02 21:36:02 --> mysqli_sql_exception: Cannot delete or update a parent row: a foreign key constraint fails (`rest`.`movies`, CONSTRAINT `movies_ibfk_1` FOREIGN KEY (`category_id`) REFERENCES `category` (`id`)) in C:\ci4\system\Database\MySQLi\Connection.php:295
Stack trace:
#0 C:\ci4\system\Database\MySQLi\Connection.php(295): mysqli->query('DELETE FROM `ca...', 0)
#1 C:\ci4\system\Database\BaseConnection.php(692): CodeIgniter\Database\MySQLi\Connection->execute('DELETE FROM `ca...')
#2 C:\ci4\system\Database\BaseConnection.php(606): CodeIgniter\Database\BaseConnection->simpleQuery('DELETE FROM `ca...')
#3 C:\ci4\system\Database\BaseBuilder.php(2791): CodeIgniter\Database\BaseConnection->query('DELETE FROM `ca...', Array, false)
#4 C:\ci4\system\Model.php(456): CodeIgniter\Database\BaseBuilder->delete()
#5 C:\ci4\system\BaseModel.php(1065): CodeIgniter\Model->doDelete(Array, false)
#6 C:\ci4\app\Controllers\API\Category.php(90): CodeIgniter\BaseModel->delete(Array)
#7 C:\ci4\system\CodeIgniter.php(932): App\Controllers\API\Category->delete('2')
#8 C:\ci4\system\CodeIgniter.php(497): CodeIgniter\CodeIgniter->runController(Object(App\Controllers\API\Category))
#9 C:\ci4\system\CodeIgniter.php(366): CodeIgniter\CodeIgniter->handleRequest(NULL, Object(Config\Cache), false)
#10 C:\ci4\public\index.php(67): CodeIgniter\CodeIgniter->run()
#11 C:\ci4\system\Commands\Server\rewrite.php(47): require_once('C:\\ci4\\public\\i...')
#12 {main}
CRITICAL - 2023-07-02 21:36:02 --> Cannot delete or update a parent row: a foreign key constraint fails (`rest`.`movies`, CONSTRAINT `movies_ibfk_1` FOREIGN KEY (`category_id`) REFERENCES `category` (`id`))
in SYSTEMPATH\Database\MySQLi\Connection.php on line 295.
 1 SYSTEMPATH\Database\MySQLi\Connection.php(295): mysqli->query('DELETE FROM `category`
WHERE `id` IN (\'2\')', 0)
 2 SYSTEMPATH\Database\BaseConnection.php(692): CodeIgniter\Database\MySQLi\Connection->execute('DELETE FROM `category`
WHERE `id` IN (\'2\')')
 3 SYSTEMPATH\Database\BaseConnection.php(606): CodeIgniter\Database\BaseConnection->simpleQuery('DELETE FROM `category`
WHERE `id` IN (\'2\')')
 4 SYSTEMPATH\Database\BaseBuilder.php(2791): CodeIgniter\Database\BaseConnection->query('DELETE FROM `category`
WHERE `id` IN :id:', [...], false)
 5 SYSTEMPATH\Model.php(456): CodeIgniter\Database\BaseBuilder->delete()
 6 SYSTEMPATH\BaseModel.php(1065): CodeIgniter\Model->doDelete([...], false)
 7 APPPATH\Controllers\API\Category.php(90): CodeIgniter\BaseModel->delete([...])
 8 SYSTEMPATH\CodeIgniter.php(932): App\Controllers\API\Category->delete('2')
 9 SYSTEMPATH\CodeIgniter.php(497): CodeIgniter\CodeIgniter->runController(Object(App\Controllers\API\Category))
10 SYSTEMPATH\CodeIgniter.php(366): CodeIgniter\CodeIgniter->handleRequest(null, Object(Config\Cache), false)
11 FCPATH\index.php(67): CodeIgniter\CodeIgniter->run()
12 SYSTEMPATH\Commands\Server\rewrite.php(47): require_once('C:\\ci4\\public\\index.php')
